<?xml version="1.0" encoding="UTF-8"?>
<robot generator="Robot 7.1.1 (Python 3.13.1 on win32)" generated="2025-01-04T10:02:11.834177" rpa="false" schemaversion="5">
<suite id="s1" name="Tests" source="C:\Users\MAAB1\OneDrive - Mondia Media Germany GmbH\Desktop\TakamolAssessment\Tests">
<suite id="s1-s1" name="API-Tests" source="C:\Users\MAAB1\OneDrive - Mondia Media Germany GmbH\Desktop\TakamolAssessment\Tests\API-Tests">
<suite id="s1-s1-s1" name="Contact Services TCs" source="C:\Users\MAAB1\OneDrive - Mondia Media Germany GmbH\Desktop\TakamolAssessment\Tests\API-Tests\Contact_Services_TCs.robot">
<test id="s1-s1-s1-t1" name="1-Create a contact group list" line="18">
<kw name="Generate Random String" owner="String">
<msg time="2025-01-04T10:02:12.293921" level="INFO">${Contact_Group_Name} = tmpDD</msg>
<var>${Contact_Group_Name}</var>
<arg>5</arg>
<arg>[LETTERS]</arg>
<doc>Generates a string with a desired ``length`` from the given ``chars``.</doc>
<status status="PASS" start="2025-01-04T10:02:12.293591" elapsed="0.000381"/>
</kw>
<kw name="Open login session">
<kw name="login" owner="LoginService">
<kw name="Create Session" owner="RequestsLibrary">
<msg time="2025-01-04T10:02:12.295052" level="INFO">Creating Session using : alias=mysession, url=https://seeu-apiqa.takamulstg.com/, headers={},                     cookies={}, auth=None, timeout=None, proxies=None, verify=False,                     debug=0 </msg>
<arg>mysession</arg>
<arg>${BASE_URI}</arg>
<doc>Create Session: create a HTTP session to a server</doc>
<status status="PASS" start="2025-01-04T10:02:12.294883" elapsed="0.000295"/>
</kw>
<kw name="Create Dictionary" owner="BuiltIn">
<msg time="2025-01-04T10:02:12.295547" level="INFO">${body} = {'grant_type': 'password', 'client_id': 'client-spa', 'client_secret': 'secret', 'username': 'candidates@mailinator.com', 'password': 'Test@123', 'portal': 'admin'}</msg>
<var>${body}</var>
<arg>grant_type=password</arg>
<arg>client_id=client-spa</arg>
<arg>client_secret=secret</arg>
<arg>username=${User_Email}</arg>
<arg>password=${User_Password}</arg>
<arg>portal=admin</arg>
<doc>Creates and returns a dictionary based on the given ``items``.</doc>
<status status="PASS" start="2025-01-04T10:02:12.295268" elapsed="0.000296"/>
</kw>
<kw name="Create Dictionary" owner="BuiltIn">
<msg time="2025-01-04T10:02:12.295805" level="INFO">${header} = {'Content-Type': 'application/x-www-form-urlencoded'}</msg>
<var>${header}</var>
<arg>Content-Type=application/x-www-form-urlencoded</arg>
<doc>Creates and returns a dictionary based on the given ``items``.</doc>
<status status="PASS" start="2025-01-04T10:02:12.295647" elapsed="0.000173"/>
</kw>
<kw name="Post Request" owner="RequestsLibrary">
<msg time="2025-01-04T10:02:12.295971" level="WARN">Keyword 'RequestsLibrary.Post Request' is deprecated. Please use `POST On Session` instead.</msg>
<msg time="2025-01-04T10:02:12.748701" level="INFO">POST Request : url=https://seeu-apiqa.takamulstg.com/connect/token 
 path_url=/connect/token 
 headers={'User-Agent': 'python-requests/2.32.3', 'Accept-Encoding': 'gzip, deflate', 'Accept': '*/*', 'Connection': 'keep-alive', 'Content-Type': 'application/x-www-form-urlencoded', 'Content-Length': '131'} 
 body=grant_type=password&amp;client_id=client-spa&amp;client_secret=secret&amp;username=candidates%40mailinator.com&amp;password=Test%40123&amp;portal=admin 
 </msg>
<msg time="2025-01-04T10:02:12.748825" level="INFO">POST Response : url=https://seeu-apiqa.takamulstg.com/connect/token 
 status=200, reason=OK 
 headers={'Cache-Control': 'no-store, no-cache, max-age=0', 'Pragma': 'no-cache', 'Transfer-Encoding': 'chunked', 'Content-Type': 'application/json; charset=UTF-8', 'Expires': 'Thu, 01 Jan 1970 00:00:00 GMT', 'Server': 'Microsoft-IIS/10.0', 'Strict-Transport-Security': 'max-age=7776000; includeSubDomains', 'Set-Cookie': '.AspNetCore.Identity.Application=CfDJ8GTDrSkpwx9InD6BbAYW8dept3fuE5HuMf9Ppr5gBmEYTIZktY6gqyK6obC39Rcrat86P0OHtZ_0YsFx--Y10Xyv_cq34s4c5tJEBsHbuZBZXJDy4nEH5SnjGcyt-aiCHdqp5KzZt9yblcrFij2ijbyOOvpEWF53X-QXN_jsKlV7TooXRPnFrOj0rQmqCVeFVXPt75ChWtrmXas-60O8Pi-aaS7vHGKyj0nnYw4UqIKc4xi2wb3-a0JXssuBy9J1W9lToOEyWSVtsvgVz7pFKq97-_9fgt11W-d3-muzFytU-8rvJWnqqj9YfiGtKSD_B3NaWZ5NZLoBzfPU8xGQ3cXaP-_Ixn2nEYuHUS1YJIYgrsguk4KRo02OPzuxxnCYhQoHbD9QPkmuhVcZgTmEXBsuyZ21gLQsTbhGr8p6ft__clVUTHxgUaJyWOK7PiXZUErcCVnz0pq19oBk47OkmN-AVenKt_4u0vjDqd-se-Z5_D2QiPW9ILxoGUaD-yXumE1Wq1L721VZCMePqn7Po7htI1BUcNNz52a_rRapsy9vUlnY01jrpCe-i9BND5GbF3ANfKCJogNkYFPuqziWuL6XVBjm1nkqYcIXa2P_A2yxFqVCGz4o0fGUDrPRYNItb9eqQok1weOVfXo5JhgqeXMpWGHPjWqTniWD9Yi9iyQIub48PpiFWp3_nfWLBuHVsgRE4c1rIn0F02jfDJf8z-vTFo_t_jr1MOHESBfhTh8RZ-Rl_E1J3smyU3K-bJ6i8xoUYzJmSXLQke3xubag7IfZFPfJPThM78bx7m-mc49amu-_Looot1mMWYyZL55ynO3B6t3aPibUFDcbaMszPDi3v1SOmM2Me6FNQ1Zt-2rJMJWt_DEIVQngxScJT0Wo0eCbtowYu_H6t-sk8fPehjQTOZJe0ttZpUhXMIyRySrCPZKnO-vVfZ6iG4olL5-wOXR9RgYDygT6dSLEyDVQ9IJMejTh9ZGcsYWm_kDcThLHeVp_y0uEiowG0lT1Sfrsy7aL3wKENaR-SriaylI7q4usG-L2Armo0KsyyqXE4Ividqnzk07P10cyg1rVG0cquSrYHZF7vFIKo3I5wSLrawf1AR4R-AUnjvkSdJoR0Uk8; expires=Sat, 18 Jan 2025 08:02:12 GMT; path=/; secure; samesite=none; httponly', 'X-Content-Type-Options': 'nosniff', 'X-Powered-By': 'ASP.NET', 'Date': 'Sat, 04 Jan 2025 08:02:12 GMT'} 
 body={"access_token":"eyJhbGciOiJSUzI1NiIsImtpZCI6ImVjVHFMUFZaNFVPTENXLUFBNFpGOXciLCJ0eXAiOiJhdCtqd3QifQ.eyJuYmYiOjE3MzU5Nzc3MzIsImV4cCI6MTczNTk4MTMzMiwiaXNzIjoiaHR0cHM6Ly9zZWV1LWFwaXFhLnRha2FtdWxzdGcuY29tIiwiYXVkIjoiYXBpIiwiY2xpZW50X2lkIjoiY2xpZW50LXNwYSIsInN1YiI6ImMzYjc4YmE2LTgwY2YtNDE0NC1hZTE0LWM2OTllNTVjOWRkZSIsImF1dGhfdGltZSI6MTczNTk3NzczMiwiaWRwIjoibG9jYWwiLCJyb2xlIjoiVGVuYW50QWRtaW4iLCJuYW1lIjoiY2FuZGlkYXRlc0BtYWlsaW5hdG9yLmNvbSIsInNjb3BlIjpbImVtYWlsIiwib3BlbmlkIiwicHJvZmlsZSIsImFwaSIsIm9mZmxpbmVfYWNjZXNzIl0sImFtciI6WyJwd2QiXX0.JoaWDAGC1mFazKZ1iCwYwb3imMNPj0NNqHfqrpsNSVnrVE9q_IQ_BS6fajacozncOkW-2px14ijnxGfbQldjhmB0OpNYiycf0rjsPPgjoc3arVh7qVjZTIrpS24oSKt9b5dSefGOEEAxK-a4XmxiAUVhI6y3__78jwyg5KFO-m16ysBHk2NfsE1LyRxvQF6_IJzUOGxbdThU85MMvb_TqmQtgHRJUTY12d2tzXM0SrohQbnD2BbsZw43akIs9wRnVBlQaxqJEnCxGNT7LI5p4IPCIRPmpxo1WtdPsmeO5n22y7yOXA4PlboKm1KBUk8BXvzCpsCiGW815TUOidU68Q","expires_in":3600,"token_type":"Bearer","refresh_token":"v1xKnP3xfh7ZMQrVtwdHfnHMjdRAYtNI4SHKuma-Los","scope":"api email offline_access openid profile"} 
 </msg>
<msg time="2025-01-04T10:02:12.748925" level="INFO">C:\Users\MAAB1\AppData\Local\Programs\Python\Python313\Lib\site-packages\urllib3\connectionpool.py:1099: InsecureRequestWarning: Unverified HTTPS request is being made to host 'seeu-apiqa.takamulstg.com'. Adding certificate verification is strongly advised. See: https://urllib3.readthedocs.io/en/latest/advanced-usage.html#tls-warnings
  warnings.warn(</msg>
<msg time="2025-01-04T10:02:12.749811" level="INFO">${Response} = &lt;Response [200]&gt;</msg>
<var>${Response}</var>
<arg>mysession</arg>
<arg>connect/token</arg>
<arg>data=${body}</arg>
<arg>headers=${header}</arg>
<doc>*DEPRECATED* Please use `POST On Session` instead.</doc>
<status status="PASS" start="2025-01-04T10:02:12.295888" elapsed="0.453993"/>
</kw>
<return>
<value>${Response}</value>
<status status="PASS" start="2025-01-04T10:02:12.750106" elapsed="0.000297"/>
</return>
<msg time="2025-01-04T10:02:12.750621" level="INFO">${Response} = &lt;Response [200]&gt;</msg>
<var>${Response}</var>
<arg>${UserName}</arg>
<arg>${Password}</arg>
<status status="PASS" start="2025-01-04T10:02:12.294644" elapsed="0.456007"/>
</kw>
<kw name="Should Be Equal As Strings" owner="BuiltIn">
<msg time="2025-01-04T10:02:12.751496" level="INFO">Argument types are:
&lt;class 'str'&gt;
&lt;class 'int'&gt;</msg>
<arg>200</arg>
<arg>${Response.status_code}</arg>
<doc>Fails if objects are unequal after converting them to strings.</doc>
<status status="PASS" start="2025-01-04T10:02:12.750814" elapsed="0.000749"/>
</kw>
<kw name="Get token" owner="LoginService">
<kw name="Convert To String" owner="BuiltIn">
<msg time="2025-01-04T10:02:12.752930" level="INFO">${content_string} = {"access_token":"eyJhbGciOiJSUzI1NiIsImtpZCI6ImVjVHFMUFZaNFVPTENXLUFBNFpGOXciLCJ0eXAiOiJhdCtqd3QifQ.eyJuYmYiOjE3MzU5Nzc3MzIsImV4cCI6MTczNTk4MTMzMiwiaXNzIjoiaHR0cHM6Ly9zZWV1LWFwaXFhLnRha2FtdWxzdGcuY29t...</msg>
<var>${content_string}</var>
<arg>${resp.content}</arg>
<doc>Converts the given item to a Unicode string.</doc>
<status status="PASS" start="2025-01-04T10:02:12.752197" elapsed="0.000944"/>
</kw>
<kw name="Should Contain" owner="BuiltIn">
<arg>${content_string}</arg>
<arg>access_token</arg>
<doc>Fails if ``container`` does not contain ``item`` one or more times.</doc>
<status status="PASS" start="2025-01-04T10:02:12.753342" elapsed="0.000377"/>
</kw>
<kw name="Evaluate" owner="BuiltIn">
<msg time="2025-01-04T10:02:12.754772" level="INFO">${JSON_RESPONSE} = {'access_token': 'eyJhbGciOiJSUzI1NiIsImtpZCI6ImVjVHFMUFZaNFVPTENXLUFBNFpGOXciLCJ0eXAiOiJhdCtqd3QifQ.eyJuYmYiOjE3MzU5Nzc3MzIsImV4cCI6MTczNTk4MTMzMiwiaXNzIjoiaHR0cHM6Ly9zZWV1LWFwaXFhLnRha2FtdWxzdGcuY29...</msg>
<var>${JSON_RESPONSE}</var>
<arg>json.loads('''${resp.content}''')</arg>
<arg>json</arg>
<doc>Evaluates the given expression in Python and returns the result.</doc>
<status status="PASS" start="2025-01-04T10:02:12.753888" elapsed="0.000927"/>
</kw>
<kw name="Set Variable" owner="BuiltIn">
<msg time="2025-01-04T10:02:12.755758" level="INFO">${result} = eyJhbGciOiJSUzI1NiIsImtpZCI6ImVjVHFMUFZaNFVPTENXLUFBNFpGOXciLCJ0eXAiOiJhdCtqd3QifQ.eyJuYmYiOjE3MzU5Nzc3MzIsImV4cCI6MTczNTk4MTMzMiwiaXNzIjoiaHR0cHM6Ly9zZWV1LWFwaXFhLnRha2FtdWxzdGcuY29tIiwiYXVkIjoiYXBpI...</msg>
<var>${result}</var>
<arg>${JSON_RESPONSE['access_token']}</arg>
<doc>Returns the given values which can then be assigned to a variables.</doc>
<status status="PASS" start="2025-01-04T10:02:12.755005" elapsed="0.000796"/>
</kw>
<kw name="Get Value From Json" owner="JSONLibrary">
<msg time="2025-01-04T10:02:12.770983" level="INFO">${Token} = ['eyJhbGciOiJSUzI1NiIsImtpZCI6ImVjVHFMUFZaNFVPTENXLUFBNFpGOXciLCJ0eXAiOiJhdCtqd3QifQ.eyJuYmYiOjE3MzU5Nzc3MzIsImV4cCI6MTczNTk4MTMzMiwiaXNzIjoiaHR0cHM6Ly9zZWV1LWFwaXFhLnRha2FtdWxzdGcuY29tIiwiYXVkIjoiYXB...</msg>
<var>${Token}</var>
<arg>${JSON_RESPONSE}</arg>
<arg>$..access_token</arg>
<doc>Get Value From JSON using JSONPath</doc>
<status status="PASS" start="2025-01-04T10:02:12.755980" elapsed="0.015034"/>
</kw>
<kw name="Catenate" owner="BuiltIn">
<msg time="2025-01-04T10:02:12.771427" level="INFO">${TOKEN_CONCATENTED_WITH_BEARER} = Bearer eyJhbGciOiJSUzI1NiIsImtpZCI6ImVjVHFMUFZaNFVPTENXLUFBNFpGOXciLCJ0eXAiOiJhdCtqd3QifQ.eyJuYmYiOjE3MzU5Nzc3MzIsImV4cCI6MTczNTk4MTMzMiwiaXNzIjoiaHR0cHM6Ly9zZWV1LWFwaXFhLnRha2FtdWxzdGcuY29tIiwiYXVkIj...</msg>
<var>${TOKEN_CONCATENTED_WITH_BEARER}</var>
<arg>Bearer ${result}</arg>
<doc>Catenates the given items together and returns the resulted string.</doc>
<status status="PASS" start="2025-01-04T10:02:12.771140" elapsed="0.000311"/>
</kw>
<return>
<value>${TOKEN_CONCATENTED_WITH_BEARER}</value>
<status status="PASS" start="2025-01-04T10:02:12.771508" elapsed="0.000111"/>
</return>
<msg time="2025-01-04T10:02:12.771717" level="INFO">${Token} = Bearer eyJhbGciOiJSUzI1NiIsImtpZCI6ImVjVHFMUFZaNFVPTENXLUFBNFpGOXciLCJ0eXAiOiJhdCtqd3QifQ.eyJuYmYiOjE3MzU5Nzc3MzIsImV4cCI6MTczNTk4MTMzMiwiaXNzIjoiaHR0cHM6Ly9zZWV1LWFwaXFhLnRha2FtdWxzdGcuY29tIiwiYXVkIj...</msg>
<var>${Token}</var>
<arg>${Response}</arg>
<status status="PASS" start="2025-01-04T10:02:12.751771" elapsed="0.019961"/>
</kw>
<return>
<value>${Token}</value>
<status status="PASS" start="2025-01-04T10:02:12.771766" elapsed="0.000078"/>
</return>
<msg time="2025-01-04T10:02:12.771910" level="INFO">${Token} = Bearer eyJhbGciOiJSUzI1NiIsImtpZCI6ImVjVHFMUFZaNFVPTENXLUFBNFpGOXciLCJ0eXAiOiJhdCtqd3QifQ.eyJuYmYiOjE3MzU5Nzc3MzIsImV4cCI6MTczNTk4MTMzMiwiaXNzIjoiaHR0cHM6Ly9zZWV1LWFwaXFhLnRha2FtdWxzdGcuY29tIiwiYXVkIj...</msg>
<var>${Token}</var>
<status status="PASS" start="2025-01-04T10:02:12.294331" elapsed="0.477592"/>
</kw>
<kw name="Add contact list" owner="ContactsServices">
<kw name="Create Session" owner="RequestsLibrary">
<msg time="2025-01-04T10:02:12.772736" level="INFO">Creating Session using : alias=mysession, url=https://seeu-apiqa.takamulstg.com/, headers={},                     cookies={}, auth=None, timeout=None, proxies=None, verify=False,                     debug=0 </msg>
<arg>mysession</arg>
<arg>${BASE_URI}</arg>
<doc>Create Session: create a HTTP session to a server</doc>
<status status="PASS" start="2025-01-04T10:02:12.772580" elapsed="0.000251"/>
</kw>
<kw name="Create Dictionary" owner="BuiltIn">
<msg time="2025-01-04T10:02:12.773102" level="INFO">${body} = {'name': 'tmpDD', 'color': '#FF1744'}</msg>
<var>${body}</var>
<arg>name=${Group_Name}</arg>
<arg>color=#FF1744</arg>
<doc>Creates and returns a dictionary based on the given ``items``.</doc>
<status status="PASS" start="2025-01-04T10:02:12.772911" elapsed="0.000206"/>
</kw>
<kw name="Create Dictionary" owner="BuiltIn">
<msg time="2025-01-04T10:02:12.773359" level="INFO">${header} = {'Content-Type': 'application/json', 'Authorization': 'Bearer eyJhbGciOiJSUzI1NiIsImtpZCI6ImVjVHFMUFZaNFVPTENXLUFBNFpGOXciLCJ0eXAiOiJhdCtqd3QifQ.eyJuYmYiOjE3MzU5Nzc3MzIsImV4cCI6MTczNTk4MTMzMiwiaXNzIjo...</msg>
<var>${header}</var>
<arg>Content-Type=application/json</arg>
<arg>Authorization=${Token}</arg>
<doc>Creates and returns a dictionary based on the given ``items``.</doc>
<status status="PASS" start="2025-01-04T10:02:12.773187" elapsed="0.000189"/>
</kw>
<kw name="Post Request" owner="RequestsLibrary">
<msg time="2025-01-04T10:02:12.773524" level="WARN">Keyword 'RequestsLibrary.Post Request' is deprecated. Please use `POST On Session` instead.</msg>
<msg time="2025-01-04T10:02:13.213433" level="INFO">POST Request : url=https://seeu-apiqa.takamulstg.com/api/contact/contact-list 
 path_url=/api/contact/contact-list 
 headers={'User-Agent': 'python-requests/2.32.3', 'Accept-Encoding': 'gzip, deflate', 'Accept': '*/*', 'Connection': 'keep-alive', 'Content-Type': 'application/json', 'Authorization': 'Bearer eyJhbGciOiJSUzI1NiIsImtpZCI6ImVjVHFMUFZaNFVPTENXLUFBNFpGOXciLCJ0eXAiOiJhdCtqd3QifQ.eyJuYmYiOjE3MzU5Nzc3MzIsImV4cCI6MTczNTk4MTMzMiwiaXNzIjoiaHR0cHM6Ly9zZWV1LWFwaXFhLnRha2FtdWxzdGcuY29tIiwiYXVkIjoiYXBpIiwiY2xpZW50X2lkIjoiY2xpZW50LXNwYSIsInN1YiI6ImMzYjc4YmE2LTgwY2YtNDE0NC1hZTE0LWM2OTllNTVjOWRkZSIsImF1dGhfdGltZSI6MTczNTk3NzczMiwiaWRwIjoibG9jYWwiLCJyb2xlIjoiVGVuYW50QWRtaW4iLCJuYW1lIjoiY2FuZGlkYXRlc0BtYWlsaW5hdG9yLmNvbSIsInNjb3BlIjpbImVtYWlsIiwib3BlbmlkIiwicHJvZmlsZSIsImFwaSIsIm9mZmxpbmVfYWNjZXNzIl0sImFtciI6WyJwd2QiXX0.JoaWDAGC1mFazKZ1iCwYwb3imMNPj0NNqHfqrpsNSVnrVE9q_IQ_BS6fajacozncOkW-2px14ijnxGfbQldjhmB0OpNYiycf0rjsPPgjoc3arVh7qVjZTIrpS24oSKt9b5dSefGOEEAxK-a4XmxiAUVhI6y3__78jwyg5KFO-m16ysBHk2NfsE1LyRxvQF6_IJzUOGxbdThU85MMvb_TqmQtgHRJUTY12d2tzXM0SrohQbnD2BbsZw43akIs9wRnVBlQaxqJEnCxGNT7LI5p4IPCIRPmpxo1WtdPsmeO5n22y7yOXA4PlboKm1KBUk8BXvzCpsCiGW815TUOidU68Q', 'Content-Length': '37'} 
 body={"name": "tmpDD", "color": "#FF1744"} 
 </msg>
<msg time="2025-01-04T10:02:13.213537" level="INFO">POST Response : url=https://seeu-apiqa.takamulstg.com/api/contact/contact-list 
 status=200, reason=OK 
 headers={'Content-Length': '38', 'Content-Type': 'application/json; charset=utf-8', 'Server': 'Microsoft-IIS/10.0', 'Strict-Transport-Security': 'max-age=7776000; includeSubDomains', 'X-Content-Type-Options': 'nosniff', 'X-Powered-By': 'ASP.NET', 'Date': 'Sat, 04 Jan 2025 08:02:12 GMT'} 
 body="eb04fc5d-06ee-4db8-ac22-13febd4a558a" 
 </msg>
<msg time="2025-01-04T10:02:13.213599" level="INFO">C:\Users\MAAB1\AppData\Local\Programs\Python\Python313\Lib\site-packages\urllib3\connectionpool.py:1099: InsecureRequestWarning: Unverified HTTPS request is being made to host 'seeu-apiqa.takamulstg.com'. Adding certificate verification is strongly advised. See: https://urllib3.readthedocs.io/en/latest/advanced-usage.html#tls-warnings
  warnings.warn(</msg>
<msg time="2025-01-04T10:02:13.214105" level="INFO">${Response} = &lt;Response [200]&gt;</msg>
<var>${Response}</var>
<arg>mysession</arg>
<arg>api/contact/contact-list</arg>
<arg>data=${body}</arg>
<arg>headers=${header}</arg>
<doc>*DEPRECATED* Please use `POST On Session` instead.</doc>
<status status="PASS" start="2025-01-04T10:02:12.773446" elapsed="0.440706"/>
</kw>
<return>
<value>${Response}</value>
<status status="PASS" start="2025-01-04T10:02:13.214265" elapsed="0.000288"/>
</return>
<msg time="2025-01-04T10:02:13.214861" level="INFO">${Response} = &lt;Response [200]&gt;</msg>
<var>${Response}</var>
<arg>${Token}</arg>
<arg>${Contact_Group_Name}</arg>
<status status="PASS" start="2025-01-04T10:02:12.772301" elapsed="0.442595"/>
</kw>
<kw name="Should Be Equal As Strings" owner="BuiltIn">
<msg time="2025-01-04T10:02:13.216119" level="INFO">Argument types are:
&lt;class 'str'&gt;
&lt;class 'int'&gt;</msg>
<arg>200</arg>
<arg>${Response.status_code}</arg>
<doc>Fails if objects are unequal after converting them to strings.</doc>
<status status="PASS" start="2025-01-04T10:02:13.215345" elapsed="0.000863"/>
</kw>
<kw name="Get list ID" owner="ContactsServices">
<kw name="Convert To String" owner="BuiltIn">
<msg time="2025-01-04T10:02:13.218298" level="INFO">${ID} = "eb04fc5d-06ee-4db8-ac22-13febd4a558a"</msg>
<var>${ID}</var>
<arg>${resp.content}</arg>
<doc>Converts the given item to a Unicode string.</doc>
<status status="PASS" start="2025-01-04T10:02:13.217408" elapsed="0.000938"/>
</kw>
<kw name="Remove String" owner="String">
<msg time="2025-01-04T10:02:13.219022" level="INFO">${ID} = eb04fc5d-06ee-4db8-ac22-13febd4a558a</msg>
<var>${ID}</var>
<arg>${ID}</arg>
<arg>"</arg>
<arg>"</arg>
<doc>Removes all ``removables`` from the given ``string``.</doc>
<status status="PASS" start="2025-01-04T10:02:13.218570" elapsed="0.000502"/>
</kw>
<return>
<value>${ID}</value>
<status status="PASS" start="2025-01-04T10:02:13.219225" elapsed="0.000163"/>
</return>
<msg time="2025-01-04T10:02:13.219499" level="INFO">${ID} = eb04fc5d-06ee-4db8-ac22-13febd4a558a</msg>
<var>${ID}</var>
<arg>${Response}</arg>
<status status="PASS" start="2025-01-04T10:02:13.216796" elapsed="0.002722"/>
</kw>
<kw name="Add list ID" owner="ContactsServices">
<kw name="Create Session" owner="RequestsLibrary">
<msg time="2025-01-04T10:02:13.220498" level="INFO">Creating Session using : alias=mysession, url=https://seeu-apiqa.takamulstg.com/, headers={},                     cookies={}, auth=None, timeout=None, proxies=None, verify=False,                     debug=0 </msg>
<arg>mysession</arg>
<arg>${BASE_URI}</arg>
<doc>Create Session: create a HTTP session to a server</doc>
<status status="PASS" start="2025-01-04T10:02:13.220273" elapsed="0.000350"/>
</kw>
<kw name="Create Dictionary" owner="BuiltIn">
<msg time="2025-01-04T10:02:13.221026" level="INFO">${body} = {'id': 'eb04fc5d-06ee-4db8-ac22-13febd4a558a'}</msg>
<var>${body}</var>
<arg>id=${ID}</arg>
<doc>Creates and returns a dictionary based on the given ``items``.</doc>
<status status="PASS" start="2025-01-04T10:02:13.220744" elapsed="0.000305"/>
</kw>
<kw name="Create Dictionary" owner="BuiltIn">
<msg time="2025-01-04T10:02:13.221440" level="INFO">${header} = {'Content-Type': 'application/json', 'Authorization': 'Bearer eyJhbGciOiJSUzI1NiIsImtpZCI6ImVjVHFMUFZaNFVPTENXLUFBNFpGOXciLCJ0eXAiOiJhdCtqd3QifQ.eyJuYmYiOjE3MzU5Nzc3MzIsImV4cCI6MTczNTk4MTMzMiwiaXNzIjo...</msg>
<var>${header}</var>
<arg>Content-Type=application/json</arg>
<arg>Authorization=${Token}</arg>
<doc>Creates and returns a dictionary based on the given ``items``.</doc>
<status status="PASS" start="2025-01-04T10:02:13.221157" elapsed="0.000317"/>
</kw>
<kw name="Post Request" owner="RequestsLibrary">
<msg time="2025-01-04T10:02:13.221715" level="WARN">Keyword 'RequestsLibrary.Post Request' is deprecated. Please use `POST On Session` instead.</msg>
<msg time="2025-01-04T10:02:13.651196" level="INFO">POST Request : url=https://seeu-apiqa.takamulstg.com/api/contact/list-name 
 path_url=/api/contact/list-name 
 headers={'User-Agent': 'python-requests/2.32.3', 'Accept-Encoding': 'gzip, deflate', 'Accept': '*/*', 'Connection': 'keep-alive', 'Content-Type': 'application/json', 'Authorization': 'Bearer eyJhbGciOiJSUzI1NiIsImtpZCI6ImVjVHFMUFZaNFVPTENXLUFBNFpGOXciLCJ0eXAiOiJhdCtqd3QifQ.eyJuYmYiOjE3MzU5Nzc3MzIsImV4cCI6MTczNTk4MTMzMiwiaXNzIjoiaHR0cHM6Ly9zZWV1LWFwaXFhLnRha2FtdWxzdGcuY29tIiwiYXVkIjoiYXBpIiwiY2xpZW50X2lkIjoiY2xpZW50LXNwYSIsInN1YiI6ImMzYjc4YmE2LTgwY2YtNDE0NC1hZTE0LWM2OTllNTVjOWRkZSIsImF1dGhfdGltZSI6MTczNTk3NzczMiwiaWRwIjoibG9jYWwiLCJyb2xlIjoiVGVuYW50QWRtaW4iLCJuYW1lIjoiY2FuZGlkYXRlc0BtYWlsaW5hdG9yLmNvbSIsInNjb3BlIjpbImVtYWlsIiwib3BlbmlkIiwicHJvZmlsZSIsImFwaSIsIm9mZmxpbmVfYWNjZXNzIl0sImFtciI6WyJwd2QiXX0.JoaWDAGC1mFazKZ1iCwYwb3imMNPj0NNqHfqrpsNSVnrVE9q_IQ_BS6fajacozncOkW-2px14ijnxGfbQldjhmB0OpNYiycf0rjsPPgjoc3arVh7qVjZTIrpS24oSKt9b5dSefGOEEAxK-a4XmxiAUVhI6y3__78jwyg5KFO-m16ysBHk2NfsE1LyRxvQF6_IJzUOGxbdThU85MMvb_TqmQtgHRJUTY12d2tzXM0SrohQbnD2BbsZw43akIs9wRnVBlQaxqJEnCxGNT7LI5p4IPCIRPmpxo1WtdPsmeO5n22y7yOXA4PlboKm1KBUk8BXvzCpsCiGW815TUOidU68Q', 'Content-Length': '46'} 
 body={"id": "eb04fc5d-06ee-4db8-ac22-13febd4a558a"} 
 </msg>
<msg time="2025-01-04T10:02:13.651277" level="INFO">POST Response : url=https://seeu-apiqa.takamulstg.com/api/contact/list-name 
 status=200, reason=OK 
 headers={'Content-Length': '101', 'Content-Type': 'application/json; charset=utf-8', 'Server': 'Microsoft-IIS/10.0', 'Strict-Transport-Security': 'max-age=7776000; includeSubDomains', 'X-Content-Type-Options': 'nosniff', 'X-Powered-By': 'ASP.NET', 'Date': 'Sat, 04 Jan 2025 08:02:12 GMT'} 
 body={"listName":"tmpDD","color":"#FF1744","status":0,"contactAnalysisCampaignStatus":null,"hasRfi":false} 
 </msg>
<msg time="2025-01-04T10:02:13.651321" level="INFO">C:\Users\MAAB1\AppData\Local\Programs\Python\Python313\Lib\site-packages\urllib3\connectionpool.py:1099: InsecureRequestWarning: Unverified HTTPS request is being made to host 'seeu-apiqa.takamulstg.com'. Adding certificate verification is strongly advised. See: https://urllib3.readthedocs.io/en/latest/advanced-usage.html#tls-warnings
  warnings.warn(</msg>
<msg time="2025-01-04T10:02:13.651779" level="INFO">${Response} = &lt;Response [200]&gt;</msg>
<var>${Response}</var>
<arg>mysession</arg>
<arg>api/contact/list-name</arg>
<arg>data=${body}</arg>
<arg>headers=${header}</arg>
<doc>*DEPRECATED* Please use `POST On Session` instead.</doc>
<status status="PASS" start="2025-01-04T10:02:13.221586" elapsed="0.430232"/>
</kw>
<return>
<value>${Response}</value>
<status status="PASS" start="2025-01-04T10:02:13.652002" elapsed="0.000229"/>
</return>
<msg time="2025-01-04T10:02:13.652390" level="INFO">${Response_2} = &lt;Response [200]&gt;</msg>
<var>${Response_2}</var>
<arg>${Token}</arg>
<arg>${ID}</arg>
<status status="PASS" start="2025-01-04T10:02:13.219918" elapsed="0.432496"/>
</kw>
<kw name="Should Be Equal As Strings" owner="BuiltIn">
<msg time="2025-01-04T10:02:13.653442" level="INFO">Argument types are:
&lt;class 'str'&gt;
&lt;class 'int'&gt;</msg>
<arg>200</arg>
<arg>${Response_2.status_code}</arg>
<doc>Fails if objects are unequal after converting them to strings.</doc>
<status status="PASS" start="2025-01-04T10:02:13.652846" elapsed="0.000653"/>
</kw>
<tag>API</tag>
<tag>ContactServices</tag>
<tag>Happy</tag>
<tag>Test</tag>
<status status="PASS" start="2025-01-04T10:02:12.292762" elapsed="1.361137"/>
</test>
<test id="s1-s1-s1-t2" name="2-Check that the user will not be able to create a contact group with an invalid access token" line="28">
<kw name="Generate Random String" owner="String">
<msg time="2025-01-04T10:02:14.282137" level="INFO">${Contact_Group_Name} = yeEBa</msg>
<var>${Contact_Group_Name}</var>
<arg>5</arg>
<arg>[LETTERS]</arg>
<doc>Generates a string with a desired ``length`` from the given ``chars``.</doc>
<status status="PASS" start="2025-01-04T10:02:14.281846" elapsed="0.000312"/>
</kw>
<kw name="Set Variable" owner="BuiltIn">
<msg time="2025-01-04T10:02:14.282693" level="INFO">${Token} = Invalid</msg>
<var>${Token}</var>
<arg>Invalid</arg>
<doc>Returns the given values which can then be assigned to a variables.</doc>
<status status="PASS" start="2025-01-04T10:02:14.282513" elapsed="0.000197"/>
</kw>
<kw name="Add contact list" owner="ContactsServices">
<kw name="Create Session" owner="RequestsLibrary">
<msg time="2025-01-04T10:02:14.283459" level="INFO">Creating Session using : alias=mysession, url=https://seeu-apiqa.takamulstg.com/, headers={},                     cookies={}, auth=None, timeout=None, proxies=None, verify=False,                     debug=0 </msg>
<arg>mysession</arg>
<arg>${BASE_URI}</arg>
<doc>Create Session: create a HTTP session to a server</doc>
<status status="PASS" start="2025-01-04T10:02:14.283302" elapsed="0.000269"/>
</kw>
<kw name="Create Dictionary" owner="BuiltIn">
<msg time="2025-01-04T10:02:14.283844" level="INFO">${body} = {'name': 'yeEBa', 'color': '#FF1744'}</msg>
<var>${body}</var>
<arg>name=${Group_Name}</arg>
<arg>color=#FF1744</arg>
<doc>Creates and returns a dictionary based on the given ``items``.</doc>
<status status="PASS" start="2025-01-04T10:02:14.283653" elapsed="0.000206"/>
</kw>
<kw name="Create Dictionary" owner="BuiltIn">
<msg time="2025-01-04T10:02:14.284091" level="INFO">${header} = {'Content-Type': 'application/json', 'Authorization': 'Invalid'}</msg>
<var>${header}</var>
<arg>Content-Type=application/json</arg>
<arg>Authorization=${Token}</arg>
<doc>Creates and returns a dictionary based on the given ``items``.</doc>
<status status="PASS" start="2025-01-04T10:02:14.283927" elapsed="0.000178"/>
</kw>
<kw name="Post Request" owner="RequestsLibrary">
<msg time="2025-01-04T10:02:14.284239" level="WARN">Keyword 'RequestsLibrary.Post Request' is deprecated. Please use `POST On Session` instead.</msg>
<msg time="2025-01-04T10:02:14.690826" level="INFO">POST Request : url=https://seeu-apiqa.takamulstg.com/api/contact/contact-list 
 path_url=/api/contact/contact-list 
 headers={'User-Agent': 'python-requests/2.32.3', 'Accept-Encoding': 'gzip, deflate', 'Accept': '*/*', 'Connection': 'keep-alive', 'Content-Type': 'application/json', 'Authorization': 'Invalid', 'Content-Length': '37'} 
 body={"name": "yeEBa", "color": "#FF1744"} 
 </msg>
<msg time="2025-01-04T10:02:14.690884" level="INFO">POST Response : url=https://seeu-apiqa.takamulstg.com/api/contact/contact-list 
 status=401, reason=Unauthorized 
 headers={'Transfer-Encoding': 'chunked', 'Server': 'Microsoft-IIS/10.0', 'Strict-Transport-Security': 'max-age=7776000; includeSubDomains', 'WWW-Authenticate': 'Bearer', 'X-Frame-Options': 'DENY', 'X-XSS-Protection': '1; mode=block', 'X-Content-Type-Options': 'nosniff', 'Referrer-Policy': 'strict-origin-when-cross-origin', 'Content-Security-Policy': "object-src 'none'; form-action 'self'; frame-ancestors 'none'", 'X-Powered-By': 'ASP.NET', 'Date': 'Sat, 04 Jan 2025 08:02:14 GMT'} 
 body=None 
 </msg>
<msg time="2025-01-04T10:02:14.690918" level="INFO">C:\Users\MAAB1\AppData\Local\Programs\Python\Python313\Lib\site-packages\urllib3\connectionpool.py:1099: InsecureRequestWarning: Unverified HTTPS request is being made to host 'seeu-apiqa.takamulstg.com'. Adding certificate verification is strongly advised. See: https://urllib3.readthedocs.io/en/latest/advanced-usage.html#tls-warnings
  warnings.warn(</msg>
<msg time="2025-01-04T10:02:14.691276" level="INFO">${Response} = &lt;Response [401]&gt;</msg>
<var>${Response}</var>
<arg>mysession</arg>
<arg>api/contact/contact-list</arg>
<arg>data=${body}</arg>
<arg>headers=${header}</arg>
<doc>*DEPRECATED* Please use `POST On Session` instead.</doc>
<status status="PASS" start="2025-01-04T10:02:14.284166" elapsed="0.407133"/>
</kw>
<return>
<value>${Response}</value>
<status status="PASS" start="2025-01-04T10:02:14.691377" elapsed="0.000168"/>
</return>
<msg time="2025-01-04T10:02:14.691648" level="INFO">${Response} = &lt;Response [401]&gt;</msg>
<var>${Response}</var>
<arg>${Token}</arg>
<arg>${Contact_Group_Name}</arg>
<status status="PASS" start="2025-01-04T10:02:14.283055" elapsed="0.408608"/>
</kw>
<kw name="Should Be Equal As Strings" owner="BuiltIn">
<msg time="2025-01-04T10:02:14.692382" level="INFO">Argument types are:
&lt;class 'str'&gt;
&lt;class 'int'&gt;</msg>
<arg>401</arg>
<arg>${Response.status_code}</arg>
<doc>Fails if objects are unequal after converting them to strings.</doc>
<status status="PASS" start="2025-01-04T10:02:14.691963" elapsed="0.000454"/>
</kw>
<tag>API</tag>
<tag>ContactServices</tag>
<tag>Negative</tag>
<tag>Test</tag>
<status status="PASS" start="2025-01-04T10:02:14.279641" elapsed="0.413036"/>
</test>
<status status="PASS" start="2025-01-04T10:02:11.860322" elapsed="2.850424"/>
</suite>
<suite id="s1-s1-s2" name="Login Service TCs" source="C:\Users\MAAB1\OneDrive - Mondia Media Germany GmbH\Desktop\TakamolAssessment\Tests\API-Tests\Login_Service_TCs.robot">
<test id="s1-s1-s2-t1" name="1-Open a login session with valid credentials" line="12">
<kw name="login" owner="LoginService">
<kw name="Create Session" owner="RequestsLibrary">
<msg time="2025-01-04T10:02:14.737951" level="INFO">Creating Session using : alias=mysession, url=https://seeu-apiqa.takamulstg.com/, headers={},                     cookies={}, auth=None, timeout=None, proxies=None, verify=False,                     debug=0 </msg>
<arg>mysession</arg>
<arg>${BASE_URI}</arg>
<doc>Create Session: create a HTTP session to a server</doc>
<status status="PASS" start="2025-01-04T10:02:14.737760" elapsed="0.000285"/>
</kw>
<kw name="Create Dictionary" owner="BuiltIn">
<msg time="2025-01-04T10:02:14.738362" level="INFO">${body} = {'grant_type': 'password', 'client_id': 'client-spa', 'client_secret': 'secret', 'username': 'candidates@mailinator.com', 'password': 'Test@123', 'portal': 'admin'}</msg>
<var>${body}</var>
<arg>grant_type=password</arg>
<arg>client_id=client-spa</arg>
<arg>client_secret=secret</arg>
<arg>username=${User_Email}</arg>
<arg>password=${User_Password}</arg>
<arg>portal=admin</arg>
<doc>Creates and returns a dictionary based on the given ``items``.</doc>
<status status="PASS" start="2025-01-04T10:02:14.738134" elapsed="0.000244"/>
</kw>
<kw name="Create Dictionary" owner="BuiltIn">
<msg time="2025-01-04T10:02:14.738622" level="INFO">${header} = {'Content-Type': 'application/x-www-form-urlencoded'}</msg>
<var>${header}</var>
<arg>Content-Type=application/x-www-form-urlencoded</arg>
<doc>Creates and returns a dictionary based on the given ``items``.</doc>
<status status="PASS" start="2025-01-04T10:02:14.738466" elapsed="0.000172"/>
</kw>
<kw name="Post Request" owner="RequestsLibrary">
<msg time="2025-01-04T10:02:14.738795" level="WARN">Keyword 'RequestsLibrary.Post Request' is deprecated. Please use `POST On Session` instead.</msg>
<msg time="2025-01-04T10:02:15.179783" level="INFO">POST Request : url=https://seeu-apiqa.takamulstg.com/connect/token 
 path_url=/connect/token 
 headers={'User-Agent': 'python-requests/2.32.3', 'Accept-Encoding': 'gzip, deflate', 'Accept': '*/*', 'Connection': 'keep-alive', 'Content-Type': 'application/x-www-form-urlencoded', 'Content-Length': '131'} 
 body=grant_type=password&amp;client_id=client-spa&amp;client_secret=secret&amp;username=candidates%40mailinator.com&amp;password=Test%40123&amp;portal=admin 
 </msg>
<msg time="2025-01-04T10:02:15.179915" level="INFO">POST Response : url=https://seeu-apiqa.takamulstg.com/connect/token 
 status=200, reason=OK 
 headers={'Cache-Control': 'no-store, no-cache, max-age=0', 'Pragma': 'no-cache', 'Transfer-Encoding': 'chunked', 'Content-Type': 'application/json; charset=UTF-8', 'Expires': 'Thu, 01 Jan 1970 00:00:00 GMT', 'Server': 'Microsoft-IIS/10.0', 'Strict-Transport-Security': 'max-age=7776000; includeSubDomains', 'Set-Cookie': '.AspNetCore.Identity.Application=CfDJ8GTDrSkpwx9InD6BbAYW8dejYg-6ncch9ETWx5DgUhg9EUP9jXnWZomRyKBui47eDcPcNfY_VlRj4EMzKDbw4uZah-rPaTcbZx4lBNBVnGfKmqE0WdG0fR01X9T3YeiaLA2O-294iqzclFyzJefKd8gAUOHrywJ5oAbMMuaLkJb72Vun8K6Opf-sUy9apGy0JVb5sizhii4E6VV_tFnmo9maa0oOhAT6uy3smedP1sm9z8pszi7tOFX3yFZzvgPa6UdTnFr3YMaEysqBEzBu0jVZOUkNkh-ZkNcu03OIJDVNhvQpGlRp70tgL38yzhunsMP4rVrjWRsiqvTyhwHwzAVyqKL1Q0anXGk6MTEwsRPziEqAFp0_SxRDnq_1Ub63DE0XWygU5jQ0f7xefvSrY8MBnMVlJ1MGxukvrmeUQSA9_7WDHhZnxk8McQS3_iwOScg1IJUH8rbiIjGNBFr_Y7wBhcVie95jEzOdWIgDqZl3eM8QSQtx1LOohZyIIplKHPlhLHhJEWd7NetKNs1Ea9mkgFgL3H7_PHp3WtTSiHSIBjUYI8OdZ80FBUNKMNvr-u5yKfjs607fmxsUiML3PKnYivVAG-xqh8wK8oOjfRDW3LHmJZPoghNfhWVdPUT7a7dYpR0DejXftnFnFwgTyIcUm9fyfFZ_v_pK6epgvZ6gdDEO8jqMpHK1QRJS2cO1QYyZ_dWgtYumOy5kGjXAZQaM91hm8LuwsKieU-AcydZZGbqi87gKGyzvnzmdmo27M5orBMFyMWlUT9jmgUIZhM3lb-qeywuYSzj06QC6tVc72824tUwNBjXlWOcwR7SHPs6s-DWUd1mKob6tSEFlTAvx11uqAvgBROSXQRoP5Ee-Txoh4gxOKRNQ-T3VRU_kUYcZIr9aHpITMsA-b8iSfnAey2-VADN82s4PMAhBDdlMS2rBO3WrMjaN9n4WQvccX4UCTTX0b0o5EIKyTN8_KsRqBaqMuZVlqTFLwtarSK2AYy6wQEQgy1iZ-wG1cWgTzPSdGMqEYdkrkbXS6sNJR-ACKtLyLl2VZVAeMclcAia3OW2puXQHExF_twTVejxC8iWTCsEFYF_muadLHWJ58D_aXHQJsjv4mCezYxVCucDx; expires=Sat, 18 Jan 2025 08:02:15 GMT; path=/; secure; samesite=none; httponly', 'X-Content-Type-Options': 'nosniff', 'X-Powered-By': 'ASP.NET', 'Date': 'Sat, 04 Jan 2025 08:02:14 GMT'} 
 body={"access_token":"eyJhbGciOiJSUzI1NiIsImtpZCI6ImVjVHFMUFZaNFVPTENXLUFBNFpGOXciLCJ0eXAiOiJhdCtqd3QifQ.eyJuYmYiOjE3MzU5Nzc3MzUsImV4cCI6MTczNTk4MTMzNSwiaXNzIjoiaHR0cHM6Ly9zZWV1LWFwaXFhLnRha2FtdWxzdGcuY29tIiwiYXVkIjoiYXBpIiwiY2xpZW50X2lkIjoiY2xpZW50LXNwYSIsInN1YiI6ImMzYjc4YmE2LTgwY2YtNDE0NC1hZTE0LWM2OTllNTVjOWRkZSIsImF1dGhfdGltZSI6MTczNTk3NzczNSwiaWRwIjoibG9jYWwiLCJyb2xlIjoiVGVuYW50QWRtaW4iLCJuYW1lIjoiY2FuZGlkYXRlc0BtYWlsaW5hdG9yLmNvbSIsInNjb3BlIjpbImVtYWlsIiwib3BlbmlkIiwicHJvZmlsZSIsImFwaSIsIm9mZmxpbmVfYWNjZXNzIl0sImFtciI6WyJwd2QiXX0.t2zuOpv5pHxqUz6ZefWMJtBzpA7X2xrRKESuJGUuKVo7yup51NURNtDF2nFq09PO9xGqFEYyzGwfpH6XbNipOMg_r_LuNAB-CjZrRU3pmReWXr0c3pXpNCr1lHjo1vakXlOsM8-deMoepL-1FbHVZYYHVXkQOV3ngipA9riushsf4WFREYTW_weYD0uzU7gUZgdodSEsatITufsNOHURUnotQ_inh9hUKoLXlnqKZApdHA4cgnS3TjXsaR2wMwut50cwPNUPPJ7A4wLy4Ng0gkFzrgzUPEBylujpYtchzA0VklBouxS7w_kNaYOcKhpoAHS9M9JwuqkGef2fDXRYGA","expires_in":3600,"token_type":"Bearer","refresh_token":"Y5N6fXdcKLvqBTNa2OmTZ6PJaGRqYcpyW9FEhttgxp4","scope":"api email offline_access openid profile"} 
 </msg>
<msg time="2025-01-04T10:02:15.180137" level="INFO">C:\Users\MAAB1\AppData\Local\Programs\Python\Python313\Lib\site-packages\urllib3\connectionpool.py:1099: InsecureRequestWarning: Unverified HTTPS request is being made to host 'seeu-apiqa.takamulstg.com'. Adding certificate verification is strongly advised. See: https://urllib3.readthedocs.io/en/latest/advanced-usage.html#tls-warnings
  warnings.warn(</msg>
<msg time="2025-01-04T10:02:15.180716" level="INFO">${Response} = &lt;Response [200]&gt;</msg>
<var>${Response}</var>
<arg>mysession</arg>
<arg>connect/token</arg>
<arg>data=${body}</arg>
<arg>headers=${header}</arg>
<doc>*DEPRECATED* Please use `POST On Session` instead.</doc>
<status status="PASS" start="2025-01-04T10:02:14.738708" elapsed="0.442067"/>
</kw>
<return>
<value>${Response}</value>
<status status="PASS" start="2025-01-04T10:02:15.180859" elapsed="0.000255"/>
</return>
<msg time="2025-01-04T10:02:15.181242" level="INFO">${Response} = &lt;Response [200]&gt;</msg>
<var>${Response}</var>
<arg>${UserName}</arg>
<arg>${Password}</arg>
<status status="PASS" start="2025-01-04T10:02:14.737399" elapsed="0.443862"/>
</kw>
<kw name="Should Be Equal As Strings" owner="BuiltIn">
<msg time="2025-01-04T10:02:15.182144" level="INFO">Argument types are:
&lt;class 'str'&gt;
&lt;class 'int'&gt;</msg>
<arg>200</arg>
<arg>${Response.status_code}</arg>
<doc>Fails if objects are unequal after converting them to strings.</doc>
<status status="PASS" start="2025-01-04T10:02:15.181669" elapsed="0.000521"/>
</kw>
<tag>API</tag>
<tag>Happy</tag>
<tag>LoginService</tag>
<tag>Test</tag>
<status status="PASS" start="2025-01-04T10:02:14.735121" elapsed="0.447425"/>
</test>
<test id="s1-s1-s2-t2" name="2-Check that the user will not be able to login with invalid credentials" line="17">
<kw name="login" owner="LoginService">
<kw name="Create Session" owner="RequestsLibrary">
<msg time="2025-01-04T10:02:15.207984" level="INFO">Creating Session using : alias=mysession, url=https://seeu-apiqa.takamulstg.com/, headers={},                     cookies={}, auth=None, timeout=None, proxies=None, verify=False,                     debug=0 </msg>
<arg>mysession</arg>
<arg>${BASE_URI}</arg>
<doc>Create Session: create a HTTP session to a server</doc>
<status status="PASS" start="2025-01-04T10:02:15.207771" elapsed="0.000306"/>
</kw>
<kw name="Create Dictionary" owner="BuiltIn">
<msg time="2025-01-04T10:02:15.208400" level="INFO">${body} = {'grant_type': 'password', 'client_id': 'client-spa', 'client_secret': 'secret', 'username': 'candidates@mailinator.com', 'password': 'Invalid', 'portal': 'admin'}</msg>
<var>${body}</var>
<arg>grant_type=password</arg>
<arg>client_id=client-spa</arg>
<arg>client_secret=secret</arg>
<arg>username=${User_Email}</arg>
<arg>password=${User_Password}</arg>
<arg>portal=admin</arg>
<doc>Creates and returns a dictionary based on the given ``items``.</doc>
<status status="PASS" start="2025-01-04T10:02:15.208168" elapsed="0.000248"/>
</kw>
<kw name="Create Dictionary" owner="BuiltIn">
<msg time="2025-01-04T10:02:15.208643" level="INFO">${header} = {'Content-Type': 'application/x-www-form-urlencoded'}</msg>
<var>${header}</var>
<arg>Content-Type=application/x-www-form-urlencoded</arg>
<doc>Creates and returns a dictionary based on the given ``items``.</doc>
<status status="PASS" start="2025-01-04T10:02:15.208494" elapsed="0.000163"/>
</kw>
<kw name="Post Request" owner="RequestsLibrary">
<msg time="2025-01-04T10:02:15.208799" level="WARN">Keyword 'RequestsLibrary.Post Request' is deprecated. Please use `POST On Session` instead.</msg>
<msg time="2025-01-04T10:02:15.710409" level="INFO">POST Request : url=https://seeu-apiqa.takamulstg.com/connect/token 
 path_url=/connect/token 
 headers={'User-Agent': 'python-requests/2.32.3', 'Accept-Encoding': 'gzip, deflate', 'Accept': '*/*', 'Connection': 'keep-alive', 'Content-Type': 'application/x-www-form-urlencoded', 'Content-Length': '128'} 
 body=grant_type=password&amp;client_id=client-spa&amp;client_secret=secret&amp;username=candidates%40mailinator.com&amp;password=Invalid&amp;portal=admin 
 </msg>
<msg time="2025-01-04T10:02:15.710524" level="INFO">POST Response : url=https://seeu-apiqa.takamulstg.com/connect/token 
 status=400, reason=Bad Request 
 headers={'Cache-Control': 'no-store, no-cache, max-age=0', 'Pragma': 'no-cache', 'Transfer-Encoding': 'chunked', 'Content-Type': 'application/json; charset=UTF-8', 'Server': 'Microsoft-IIS/10.0', 'Strict-Transport-Security': 'max-age=7776000; includeSubDomains', 'X-Content-Type-Options': 'nosniff', 'X-Powered-By': 'ASP.NET', 'Date': 'Sat, 04 Jan 2025 08:02:15 GMT'} 
 body={"error":"invalid_grant","error_description":"invalid credentials"} 
 </msg>
<msg time="2025-01-04T10:02:15.710595" level="INFO">C:\Users\MAAB1\AppData\Local\Programs\Python\Python313\Lib\site-packages\urllib3\connectionpool.py:1099: InsecureRequestWarning: Unverified HTTPS request is being made to host 'seeu-apiqa.takamulstg.com'. Adding certificate verification is strongly advised. See: https://urllib3.readthedocs.io/en/latest/advanced-usage.html#tls-warnings
  warnings.warn(</msg>
<msg time="2025-01-04T10:02:15.711334" level="INFO">${Response} = &lt;Response [400]&gt;</msg>
<var>${Response}</var>
<arg>mysession</arg>
<arg>connect/token</arg>
<arg>data=${body}</arg>
<arg>headers=${header}</arg>
<doc>*DEPRECATED* Please use `POST On Session` instead.</doc>
<status status="PASS" start="2025-01-04T10:02:15.208721" elapsed="0.502723"/>
</kw>
<return>
<value>${Response}</value>
<status status="PASS" start="2025-01-04T10:02:15.711517" elapsed="0.000149"/>
</return>
<msg time="2025-01-04T10:02:15.711769" level="INFO">${Response} = &lt;Response [400]&gt;</msg>
<var>${Response}</var>
<arg>${UserName}</arg>
<arg>Invalid</arg>
<status status="PASS" start="2025-01-04T10:02:15.207175" elapsed="0.504608"/>
</kw>
<kw name="Should Be Equal As Strings" owner="BuiltIn">
<msg time="2025-01-04T10:02:15.712439" level="INFO">Argument types are:
&lt;class 'str'&gt;
&lt;class 'int'&gt;</msg>
<arg>400</arg>
<arg>${Response.status_code}</arg>
<doc>Fails if objects are unequal after converting them to strings.</doc>
<status status="PASS" start="2025-01-04T10:02:15.712097" elapsed="0.000374"/>
</kw>
<tag>API</tag>
<tag>LoginService</tag>
<tag>Negative</tag>
<tag>Test</tag>
<status status="PASS" start="2025-01-04T10:02:15.204830" elapsed="0.507946"/>
</test>
<status status="PASS" start="2025-01-04T10:02:14.728189" elapsed="1.005389"/>
</suite>
<status status="PASS" start="2025-01-04T10:02:11.859533" elapsed="3.890929"/>
</suite>
<suite id="s1-s2" name="UI-Tests" source="C:\Users\MAAB1\OneDrive - Mondia Media Germany GmbH\Desktop\TakamolAssessment\Tests\UI-Tests">
<suite id="s1-s2-s1" name="ContactGroup TCs" source="C:\Users\MAAB1\OneDrive - Mondia Media Germany GmbH\Desktop\TakamolAssessment\Tests\UI-Tests\ContactGroup_TCs.robot">
<kw name="Run Keywords" owner="BuiltIn" type="SETUP">
<kw name="New Browser" owner="Browser">
<msg time="2025-01-04T10:02:15.760766" level="INFO">{"browser": "chromium", "headless": false, "chromiumSandbox": false, "devtools": false, "handleSIGHUP": true, "handleSIGINT": true, "handleSIGTERM": true, "slowMo": 0.0, "timeout": 30000.0, "tracesDir": "C:\\Users\\MAAB1\\OneDrive - Mondia Media Germany GmbH\\Desktop\\TakamolAssessment\\Results\\browser\\traces\\temp\\d50ec4d4-ec9f-478e-80d2-903d039c8a69"}</msg>
<msg time="2025-01-04T10:02:16.466988" level="INFO">Successfully created browser with options: {"browser":"chromium","headless":false,"chromiumSandbox":false,"devtools":false,"handleSIGHUP":true,"handleSIGINT":true,"handleSIGTERM":true,"slowMo":0,"timeout":30000,"tracesDir":"C:\\Users\\MAAB1\\OneDrive - Mondia Media Germany GmbH\\Desktop\\TakamolAssessment\\Results\\browser\\traces\\temp\\d50ec4d4-ec9f-478e-80d2-903d039c8a69"}</msg>
<arg>browser=${Chromium_Browser}</arg>
<arg>headless=${HEADED}</arg>
<tag>BrowserControl</tag>
<tag>Setter</tag>
<doc>Create a new playwright Browser with specified options.</doc>
<status status="PASS" start="2025-01-04T10:02:15.759955" elapsed="0.707330"/>
</kw>
<kw name="Set Browser Timeout" owner="Browser">
<msg time="2025-01-04T10:02:16.471658" level="INFO">No context open.</msg>
<arg>1m</arg>
<tag>Config</tag>
<tag>Setter</tag>
<doc>Sets the timeout used by most input and getter keywords.</doc>
<status status="PASS" start="2025-01-04T10:02:16.467669" elapsed="0.004336"/>
</kw>
<arg>New Browser</arg>
<arg>browser=${Chromium_Browser}</arg>
<arg>headless=${HEADED}</arg>
<arg>AND</arg>
<arg>Set Browser Timeout</arg>
<arg>1m</arg>
<doc>Executes all the given keywords in a sequence.</doc>
<status status="PASS" start="2025-01-04T10:02:15.759605" elapsed="0.712554"/>
</kw>
<test id="s1-s2-s1-t1" name="1-Add a new contact group" line="23">
<kw name="New Context" owner="Browser" type="SETUP">
<msg time="2025-01-04T10:02:16.478636" level="INFO">{
  "acceptDownloads": true,
  "bypassCSP": false,
  "forcedColors": "none",
  "ignoreHTTPSErrors": false,
  "javaScriptEnabled": true,
  "offline": false,
  "reducedMotion": "no-preference",
  "serviceWorkers": "allow",
  "viewport": {
    "height": 1080,
    "width": 1920
  }
}</msg>
<msg time="2025-01-04T10:02:16.492385" level="INFO">Successfully created context. </msg>
<msg time="2025-01-04T10:02:16.492397" level="INFO">{'acceptDownloads': True, 'bypassCSP': False, 'forcedColors': 'none', 'ignoreHTTPSErrors': False, 'javaScriptEnabled': True, 'offline': False, 'reducedMotion': 'no-preference', 'serviceWorkers': 'allow', 'viewport': {'height': 1080, 'width': 1920}}</msg>
<arg>viewport={'width': 1920, 'height': 1080}</arg>
<tag>BrowserControl</tag>
<tag>Setter</tag>
<doc>Create a new BrowserContext with specified options.</doc>
<status status="PASS" start="2025-01-04T10:02:16.476246" elapsed="0.016305"/>
</kw>
<kw name="Generate Random String" owner="String">
<msg time="2025-01-04T10:02:16.493591" level="INFO">${Contact_Group_Name} = qYekm</msg>
<var>${Contact_Group_Name}</var>
<arg>5</arg>
<arg>[LETTERS]</arg>
<doc>Generates a string with a desired ``length`` from the given ``chars``.</doc>
<status status="PASS" start="2025-01-04T10:02:16.492806" elapsed="0.000824"/>
</kw>
<kw name="Open SeeU-client site and fill login details" owner="Login">
<kw name="New Page" owner="Browser">
<msg time="2025-01-04T10:02:20.478468" level="INFO">Successfully initialized new page object and opened url: https://seeu-clientqa.takamulstg.com/</msg>
<arg>${Base_URL}</arg>
<tag>BrowserControl</tag>
<tag>Setter</tag>
<doc>Open a new Page.</doc>
<status status="PASS" start="2025-01-04T10:02:16.494424" elapsed="3.984396"/>
</kw>
<kw name="Fill Text" owner="Browser">
<msg time="2025-01-04T10:02:20.480346" level="INFO">Fills the text 'candidates@mailinator.com' in the given field.</msg>
<arg>css=input[type="email"]</arg>
<arg>${userName}</arg>
<tag>PageContent</tag>
<tag>Setter</tag>
<doc>Clears and fills the given ``txt`` into the text field found by ``selector``.</doc>
<status status="PASS" start="2025-01-04T10:02:20.479077" elapsed="0.201071"/>
</kw>
<kw name="Fill Text" owner="Browser">
<msg time="2025-01-04T10:02:20.683950" level="INFO">Fills the text 'Test@123' in the given field.</msg>
<arg>css=input[formcontrolname="password"]</arg>
<arg>${password}</arg>
<tag>PageContent</tag>
<tag>Setter</tag>
<doc>Clears and fills the given ``txt`` into the text field found by ``selector``.</doc>
<status status="PASS" start="2025-01-04T10:02:20.680562" elapsed="0.025734"/>
</kw>
<arg>${UserName}</arg>
<arg>${Password}</arg>
<status status="PASS" start="2025-01-04T10:02:16.493921" elapsed="4.212493"/>
</kw>
<kw name="Click on login button" owner="Login">
<kw name="Click" owner="Browser">
<msg time="2025-01-04T10:02:20.708540" level="INFO">Clicks the element 'css=button[type="submit"]'.</msg>
<arg>css=button[type="submit"]</arg>
<tag>PageContent</tag>
<tag>Setter</tag>
<doc>Simulates mouse click on the element found by ``selector``.</doc>
<status status="PASS" start="2025-01-04T10:02:20.707316" elapsed="0.302584"/>
</kw>
<status status="PASS" start="2025-01-04T10:02:20.706791" elapsed="0.303333"/>
</kw>
<kw name="Assert that the user has logged in successfully" owner="Login">
<kw name="Get Element" owner="Browser">
<msg time="2025-01-04T10:02:24.873591" level="INFO">Locator found successfully.</msg>
<arg>css=div[title="Candidates"]</arg>
<tag>Getter</tag>
<tag>PageContent</tag>
<doc>Returns a reference to a Playwright [https://playwright.dev/docs/api/class-locator|Locator].</doc>
<status status="PASS" start="2025-01-04T10:02:21.011618" elapsed="3.862293"/>
</kw>
<status status="PASS" start="2025-01-04T10:02:21.010805" elapsed="3.863285"/>
</kw>
<kw name="Add a new Contact Group" owner="ContactGroup">
<kw name="Click" owner="Browser">
<msg time="2025-01-04T10:02:24.876706" level="INFO">Clicks the element 'xpath=(//mat-icon[contains(text(),"add")])[2]'.</msg>
<arg>xpath=(//mat-icon[contains(text(),"add")])[2]</arg>
<tag>PageContent</tag>
<tag>Setter</tag>
<doc>Simulates mouse click on the element found by ``selector``.</doc>
<status status="PASS" start="2025-01-04T10:02:24.875431" elapsed="0.089155"/>
</kw>
<kw name="Click" owner="Browser">
<msg time="2025-01-04T10:02:24.966146" level="INFO">Clicks the element 'xpath=//span[contains(text(),"Create New Contact Group")]'.</msg>
<arg>xpath=//span[contains(text(),"Create New Contact Group")]</arg>
<tag>PageContent</tag>
<tag>Setter</tag>
<doc>Simulates mouse click on the element found by ``selector``.</doc>
<status status="PASS" start="2025-01-04T10:02:24.964860" elapsed="0.297844"/>
</kw>
<status status="PASS" start="2025-01-04T10:02:24.874770" elapsed="0.388025"/>
</kw>
<kw name="Open Contact Group Editor" owner="ContactGroup">
<kw name="Click" owner="Browser">
<msg time="2025-01-04T10:02:25.264645" level="INFO">Clicks the element 'css=button[aria-label="Action"]'.</msg>
<arg>css=button[aria-label="Action"]</arg>
<tag>PageContent</tag>
<tag>Setter</tag>
<doc>Simulates mouse click on the element found by ``selector``.</doc>
<status status="PASS" start="2025-01-04T10:02:25.263655" elapsed="2.146494"/>
</kw>
<kw name="Click" owner="Browser">
<msg time="2025-01-04T10:02:27.411473" level="INFO">Clicks the element 'xpath=//span[contains(text(),"Edit Contact Group")]'.</msg>
<arg>xpath=//span[contains(text(),"Edit Contact Group")]</arg>
<tag>PageContent</tag>
<tag>Setter</tag>
<doc>Simulates mouse click on the element found by ``selector``.</doc>
<status status="PASS" start="2025-01-04T10:02:27.410388" elapsed="0.214322"/>
</kw>
<status status="PASS" start="2025-01-04T10:02:25.263183" elapsed="2.361668"/>
</kw>
<kw name="Edit Contact Group name" owner="ContactGroup">
<kw name="Fill Text" owner="Browser">
<msg time="2025-01-04T10:02:27.626337" level="INFO">Fills the text 'test_Auto_qYekm' in the given field.</msg>
<arg>css=.cdk-overlay-container input[type=text]</arg>
<arg>${name}</arg>
<tag>PageContent</tag>
<tag>Setter</tag>
<doc>Clears and fills the given ``txt`` into the text field found by ``selector``.</doc>
<status status="PASS" start="2025-01-04T10:02:27.625587" elapsed="0.025461"/>
</kw>
<arg>test_Auto_${Contact_Group_Name}</arg>
<status status="PASS" start="2025-01-04T10:02:27.625212" elapsed="0.026043"/>
</kw>
<kw name="Click on Update button" owner="ContactGroup">
<kw name="Click" owner="Browser">
<msg time="2025-01-04T10:02:27.654301" level="INFO">Clicks the element 'css=.cdk-overlay-container button[class="mat-focus-indicator primary-button mat-flat-button mat-button-base ng-star-inserted"]'.</msg>
<arg>css=.cdk-overlay-container button[class="mat-focus-indicator primary-button mat-flat-button mat-button-base ng-star-inserted"]</arg>
<tag>PageContent</tag>
<tag>Setter</tag>
<doc>Simulates mouse click on the element found by ``selector``.</doc>
<status status="PASS" start="2025-01-04T10:02:27.652436" elapsed="0.220240"/>
</kw>
<status status="PASS" start="2025-01-04T10:02:27.651872" elapsed="0.221224"/>
</kw>
<kw name="Run Keywords" owner="BuiltIn" type="TEARDOWN">
<kw name="Delete Contact Group" owner="ContactGroup">
<kw name="Click" owner="Browser">
<msg time="2025-01-04T10:02:27.883484" level="INFO">Clicks the element 'css=button[aria-label="Action"]'.</msg>
<arg>css=button[aria-label="Action"]</arg>
<tag>PageContent</tag>
<tag>Setter</tag>
<doc>Simulates mouse click on the element found by ``selector``.</doc>
<status status="PASS" start="2025-01-04T10:02:27.882093" elapsed="0.416202"/>
</kw>
<kw name="Click" owner="Browser">
<msg time="2025-01-04T10:02:28.304184" level="INFO">Clicks the element 'xpath=//span[contains(text(),"Delete Contact Group")]'.</msg>
<arg>xpath=//span[contains(text(),"Delete Contact Group")]</arg>
<tag>PageContent</tag>
<tag>Setter</tag>
<doc>Simulates mouse click on the element found by ``selector``.</doc>
<status status="PASS" start="2025-01-04T10:02:28.299581" elapsed="0.238968"/>
</kw>
<status status="PASS" start="2025-01-04T10:02:27.880556" elapsed="0.658096"/>
</kw>
<kw name="Close Context" owner="Browser">
<msg time="2025-01-04T10:02:28.543157" level="INFO">Switching browser to CURRENT</msg>
<msg time="2025-01-04T10:02:28.549035" level="INFO">Returned active browser id. CURRENT</msg>
<msg time="2025-01-04T10:02:28.555316" level="INFO">Switching context to CURRENT in CURRENT</msg>
<msg time="2025-01-04T10:02:28.558440" level="INFO">Returned active context id: CURRENT</msg>
<msg time="2025-01-04T10:02:28.559157" level="INFO">Switching context to context=7459b9c9-d08c-4cba-9d87-10ff9d61b69e in CURRENT</msg>
<msg time="2025-01-04T10:02:28.566938" level="INFO">Successfully changed active context: context=7459b9c9-d08c-4cba-9d87-10ff9d61b69e</msg>
<msg time="2025-01-04T10:02:28.617006" level="INFO">Successfully closed Context</msg>
<tag>BrowserControl</tag>
<tag>Setter</tag>
<doc>Closes a Context.</doc>
<status status="PASS" start="2025-01-04T10:02:28.538773" elapsed="0.078634"/>
</kw>
<arg>Delete Contact Group</arg>
<arg>AND</arg>
<arg>Close Context</arg>
<doc>Executes all the given keywords in a sequence.</doc>
<status status="PASS" start="2025-01-04T10:02:27.877483" elapsed="0.740224"/>
</kw>
<tag>ContactGroup</tag>
<tag>Happy</tag>
<tag>Test</tag>
<tag>UI</tag>
<timeout value="1 minute"/>
<status status="PASS" start="2025-01-04T10:02:16.472600" elapsed="12.145419"/>
</test>
<test id="s1-s2-s1-t2" name="2-Add a new contact group with an empty name" line="35">
<kw name="New Context" owner="Browser" type="SETUP">
<msg time="2025-01-04T10:02:28.633771" level="INFO">{
  "acceptDownloads": true,
  "bypassCSP": false,
  "forcedColors": "none",
  "ignoreHTTPSErrors": false,
  "javaScriptEnabled": true,
  "offline": false,
  "reducedMotion": "no-preference",
  "serviceWorkers": "allow",
  "viewport": {
    "height": 1080,
    "width": 1920
  }
}</msg>
<msg time="2025-01-04T10:02:28.645055" level="INFO">Successfully created context. </msg>
<msg time="2025-01-04T10:02:28.645073" level="INFO">{'acceptDownloads': True, 'bypassCSP': False, 'forcedColors': 'none', 'ignoreHTTPSErrors': False, 'javaScriptEnabled': True, 'offline': False, 'reducedMotion': 'no-preference', 'serviceWorkers': 'allow', 'viewport': {'height': 1080, 'width': 1920}}</msg>
<arg>viewport={'width': 1920, 'height': 1080}</arg>
<tag>BrowserControl</tag>
<tag>Setter</tag>
<doc>Create a new BrowserContext with specified options.</doc>
<status status="PASS" start="2025-01-04T10:02:28.628708" elapsed="0.016549"/>
</kw>
<kw name="Open SeeU-client site and fill login details" owner="Login">
<kw name="New Page" owner="Browser">
<msg time="2025-01-04T10:02:32.772398" level="INFO">Successfully initialized new page object and opened url: https://seeu-clientqa.takamulstg.com/</msg>
<arg>${Base_URL}</arg>
<tag>BrowserControl</tag>
<tag>Setter</tag>
<doc>Open a new Page.</doc>
<status status="PASS" start="2025-01-04T10:02:28.646407" elapsed="4.126345"/>
</kw>
<kw name="Fill Text" owner="Browser">
<msg time="2025-01-04T10:02:32.774334" level="INFO">Fills the text 'candidates@mailinator.com' in the given field.</msg>
<arg>css=input[type="email"]</arg>
<arg>${userName}</arg>
<tag>PageContent</tag>
<tag>Setter</tag>
<doc>Clears and fills the given ``txt`` into the text field found by ``selector``.</doc>
<status status="PASS" start="2025-01-04T10:02:32.773027" elapsed="0.158514"/>
</kw>
<kw name="Fill Text" owner="Browser">
<msg time="2025-01-04T10:02:32.933549" level="INFO">Fills the text 'Test@123' in the given field.</msg>
<arg>css=input[formcontrolname="password"]</arg>
<arg>${password}</arg>
<tag>PageContent</tag>
<tag>Setter</tag>
<doc>Clears and fills the given ``txt`` into the text field found by ``selector``.</doc>
<status status="PASS" start="2025-01-04T10:02:32.931876" elapsed="0.020982"/>
</kw>
<arg>${UserName}</arg>
<arg>${Password}</arg>
<status status="PASS" start="2025-01-04T10:02:28.645786" elapsed="4.307199"/>
</kw>
<kw name="Click on login button" owner="Login">
<kw name="Click" owner="Browser">
<msg time="2025-01-04T10:02:32.954283" level="INFO">Clicks the element 'css=button[type="submit"]'.</msg>
<arg>css=button[type="submit"]</arg>
<tag>PageContent</tag>
<tag>Setter</tag>
<doc>Simulates mouse click on the element found by ``selector``.</doc>
<status status="PASS" start="2025-01-04T10:02:32.953690" elapsed="0.387589"/>
</kw>
<status status="PASS" start="2025-01-04T10:02:32.953352" elapsed="0.388045"/>
</kw>
<kw name="Assert that the user has logged in successfully" owner="Login">
<kw name="Get Element" owner="Browser">
<msg time="2025-01-04T10:02:34.687081" level="INFO">Locator found successfully.</msg>
<arg>css=div[title="Candidates"]</arg>
<tag>Getter</tag>
<tag>PageContent</tag>
<doc>Returns a reference to a Playwright [https://playwright.dev/docs/api/class-locator|Locator].</doc>
<status status="PASS" start="2025-01-04T10:02:33.342337" elapsed="1.344891"/>
</kw>
<status status="PASS" start="2025-01-04T10:02:33.341862" elapsed="1.345444"/>
</kw>
<kw name="Add a new Contact Group" owner="ContactGroup">
<kw name="Click" owner="Browser">
<msg time="2025-01-04T10:02:34.688455" level="INFO">Clicks the element 'xpath=(//mat-icon[contains(text(),"add")])[2]'.</msg>
<arg>xpath=(//mat-icon[contains(text(),"add")])[2]</arg>
<tag>PageContent</tag>
<tag>Setter</tag>
<doc>Simulates mouse click on the element found by ``selector``.</doc>
<status status="PASS" start="2025-01-04T10:02:34.687931" elapsed="0.056228"/>
</kw>
<kw name="Click" owner="Browser">
<msg time="2025-01-04T10:02:34.745421" level="INFO">Clicks the element 'xpath=//span[contains(text(),"Create New Contact Group")]'.</msg>
<arg>xpath=//span[contains(text(),"Create New Contact Group")]</arg>
<tag>PageContent</tag>
<tag>Setter</tag>
<doc>Simulates mouse click on the element found by ``selector``.</doc>
<status status="PASS" start="2025-01-04T10:02:34.744395" elapsed="1.411997"/>
</kw>
<status status="PASS" start="2025-01-04T10:02:34.687589" elapsed="1.468980"/>
</kw>
<kw name="Open Contact Group Editor" owner="ContactGroup">
<kw name="Click" owner="Browser">
<msg time="2025-01-04T10:02:36.159751" level="INFO">Clicks the element 'css=button[aria-label="Action"]'.</msg>
<arg>css=button[aria-label="Action"]</arg>
<tag>PageContent</tag>
<tag>Setter</tag>
<doc>Simulates mouse click on the element found by ``selector``.</doc>
<status status="PASS" start="2025-01-04T10:02:36.158934" elapsed="2.576953"/>
</kw>
<kw name="Click" owner="Browser">
<msg time="2025-01-04T10:02:38.736710" level="INFO">Clicks the element 'xpath=//span[contains(text(),"Edit Contact Group")]'.</msg>
<arg>xpath=//span[contains(text(),"Edit Contact Group")]</arg>
<tag>PageContent</tag>
<tag>Setter</tag>
<doc>Simulates mouse click on the element found by ``selector``.</doc>
<status status="PASS" start="2025-01-04T10:02:38.736025" elapsed="0.299882"/>
</kw>
<status status="PASS" start="2025-01-04T10:02:36.157594" elapsed="2.878395"/>
</kw>
<kw name="Edit Contact Group name" owner="ContactGroup">
<kw name="Fill Text" owner="Browser">
<msg time="2025-01-04T10:02:39.037853" level="INFO">Fills the text '' in the given field.</msg>
<arg>css=.cdk-overlay-container input[type=text]</arg>
<arg>${name}</arg>
<tag>PageContent</tag>
<tag>Setter</tag>
<doc>Clears and fills the given ``txt`` into the text field found by ``selector``.</doc>
<status status="PASS" start="2025-01-04T10:02:39.036985" elapsed="0.058807"/>
</kw>
<arg>${EMPTY}</arg>
<status status="PASS" start="2025-01-04T10:02:39.036281" elapsed="0.059891"/>
</kw>
<kw name="Make Anyone in the team view the contact group" owner="ContactGroup">
<kw name="Click" owner="Browser">
<msg time="2025-01-04T10:02:39.099267" level="INFO">Clicks the element 'css=.cdk-overlay-container mat-slide-toggle[class="mat-slide-toggle mat-accent"]'.</msg>
<arg>css=.cdk-overlay-container mat-slide-toggle[class="mat-slide-toggle mat-accent"]</arg>
<tag>PageContent</tag>
<tag>Setter</tag>
<doc>Simulates mouse click on the element found by ``selector``.</doc>
<status status="PASS" start="2025-01-04T10:02:39.097462" elapsed="0.212373"/>
</kw>
<status status="PASS" start="2025-01-04T10:02:39.097005" elapsed="0.213355"/>
</kw>
<kw name="Check that error message has appeared" owner="ContactGroup">
<kw name="Get Element" owner="Browser">
<msg time="2025-01-04T10:02:39.331601" level="INFO">Locator found successfully.</msg>
<arg>xpath=(//*[contains(concat(' ', normalize-space(@class), ' '), ' mat-error ')])[1]</arg>
<tag>Getter</tag>
<tag>PageContent</tag>
<doc>Returns a reference to a Playwright [https://playwright.dev/docs/api/class-locator|Locator].</doc>
<status status="PASS" start="2025-01-04T10:02:39.315323" elapsed="0.016419"/>
</kw>
<status status="PASS" start="2025-01-04T10:02:39.312439" elapsed="0.019384"/>
</kw>
<kw name="Check that the button is disabled" owner="ContactGroup">
<kw name="Get Element" owner="Browser">
<msg time="2025-01-04T10:02:39.338034" level="INFO">Locator found successfully.</msg>
<arg>css=.cdk-overlay-container button[disabled="true"]</arg>
<tag>Getter</tag>
<tag>PageContent</tag>
<doc>Returns a reference to a Playwright [https://playwright.dev/docs/api/class-locator|Locator].</doc>
<status status="PASS" start="2025-01-04T10:02:39.332495" elapsed="0.005676"/>
</kw>
<status status="PASS" start="2025-01-04T10:02:39.332152" elapsed="0.006095"/>
</kw>
<kw name="Run Keywords" owner="BuiltIn" type="TEARDOWN">
<kw name="Delete Contact Group" owner="ContactGroup">
<kw name="Click" owner="Browser">
<msg time="2025-01-04T10:02:39.339415" level="INFO">Clicks the element 'css=button[aria-label="Action"]'.</msg>
<msg time="2025-01-04T10:03:39.615762" level="INFO" html="true">&lt;/td&gt;&lt;/tr&gt;&lt;tr&gt;&lt;td colspan="3"&gt;&lt;a href="browser/screenshot/fail-screenshot-1.png" target="_blank"&gt;&lt;img src="browser/screenshot/fail-screenshot-1.png" width="800px"/&gt;&lt;/a&gt;</msg>
<msg time="2025-01-04T10:03:39.615917" level="INFO">See also file:///C:/Users/MAAB1/OneDrive%20-%20Mondia%20Media%20Germany%20GmbH/Desktop/TakamolAssessment/Results/playwright-log.txt for additional details.</msg>
<msg time="2025-01-04T10:03:39.616325" level="FAIL">TimeoutError: locator.click: Timeout 60000ms exceeded.
Call log:
  - waiting for locator('button[aria-label="Action"]')
    - locator resolved to &lt;button mat-icon-button="" aria-label="Action" aria-haspopup="true" _ngcontent-tvm-c381="" class="mat-focus-indicator mat-menu-trigger ng-tns-c381-15 mat-icon-button mat-button-base"&gt;…&lt;/button&gt;
  - attempting click action
    2 × waiting for element to be visible, enabled and stable
      - element is visible, enabled and stable
      - scrolling into view if needed
      - done scrolling
      - &lt;div class="cdk-overlay-backdrop faded cdk-overlay-backdrop-showing"&gt;&lt;/div&gt; from &lt;div class="cdk-overlay-container"&gt;…&lt;/div&gt; subtree intercepts pointer events
    - retrying click action
    - waiting 20ms
    2 × waiting for element to be visible, enabled and stable
      - element is visible, enabled and stable
      - scrolling into view if needed
      - done scrolling
      - &lt;div class="cdk-overlay-backdrop faded cdk-overlay-backdrop-showing"&gt;&lt;/div&gt; from &lt;div class="cdk-overlay-container"&gt;…&lt;/div&gt; subtree intercepts pointer events
    - retrying click action
      - waiting 100ms
    109 × waiting for element to be visible, enabled and stable
        - element is visible, enabled and stable
        - scrolling into view if needed
        - done scrolling
        - &lt;div class="cdk-overlay-backdrop faded cdk-overlay-backdrop-showing"&gt;&lt;/div&gt; from &lt;div class="cdk-overlay-container"&gt;…&lt;/div&gt; subtree intercepts pointer events
      - retrying click action
        - waiting 500ms
</msg>
<arg>css=button[aria-label="Action"]</arg>
<tag>PageContent</tag>
<tag>Setter</tag>
<doc>Simulates mouse click on the element found by ``selector``.</doc>
<status status="FAIL" start="2025-01-04T10:02:39.339105" elapsed="60.355214">TimeoutError: locator.click: Timeout 60000ms exceeded.
Call log:
  - waiting for locator('button[aria-label="Action"]')
    - locator resolved to &lt;button mat-icon-button="" aria-label="Action" aria-haspopup="true" _ngcontent-tvm-c381="" class="mat-focus-indicator mat-menu-trigger ng-tns-c381-15 mat-icon-button mat-button-base"&gt;…&lt;/button&gt;
  - attempting click action
    2 × waiting for element to be visible, enabled and stable
      - element is visible, enabled and stable
      - scrolling into view if needed
      - done scrolling
      - &lt;div class="cdk-overlay-backdrop faded cdk-overlay-backdrop-showing"&gt;&lt;/div&gt; from &lt;div class="cdk-overlay-container"&gt;…&lt;/div&gt; subtree intercepts pointer events
    - retrying click action
    - waiting 20ms
    2 × waiting for element to be visible, enabled and stable
      - element is visible, enabled and stable
      - scrolling into view if needed
      - done scrolling
      - &lt;div class="cdk-overlay-backdrop faded cdk-overlay-backdrop-showing"&gt;&lt;/div&gt; from &lt;div class="cdk-overlay-container"&gt;…&lt;/div&gt; subtree intercepts pointer events
    - retrying click action
      - waiting 100ms
    109 × waiting for element to be visible, enabled and stable
        - element is visible, enabled and stable
        - scrolling into view if needed
        - done scrolling
        - &lt;div class="cdk-overlay-backdrop faded cdk-overlay-backdrop-showing"&gt;&lt;/div&gt; from &lt;div class="cdk-overlay-container"&gt;…&lt;/div&gt; subtree intercepts pointer events
      - retrying click action
        - waiting 500ms
</status>
</kw>
<kw name="Click" owner="Browser">
<msg time="2025-01-04T10:03:39.694851" level="INFO">Clicks the element 'xpath=//span[contains(text(),"Delete Contact Group")]'.</msg>
<msg time="2025-01-04T10:04:39.885977" level="INFO" html="true">&lt;/td&gt;&lt;/tr&gt;&lt;tr&gt;&lt;td colspan="3"&gt;&lt;a href="browser/screenshot/fail-screenshot-2.png" target="_blank"&gt;&lt;img src="browser/screenshot/fail-screenshot-2.png" width="800px"/&gt;&lt;/a&gt;</msg>
<msg time="2025-01-04T10:04:39.886577" level="INFO">See also file:///C:/Users/MAAB1/OneDrive%20-%20Mondia%20Media%20Germany%20GmbH/Desktop/TakamolAssessment/Results/playwright-log.txt for additional details.</msg>
<msg time="2025-01-04T10:04:39.886908" level="FAIL">TimeoutError: locator.click: Timeout 60000ms exceeded.
Call log:
  - waiting for locator('//span[contains(text(),"Delete Contact Group")]')
</msg>
<arg>xpath=//span[contains(text(),"Delete Contact Group")]</arg>
<tag>PageContent</tag>
<tag>Setter</tag>
<doc>Simulates mouse click on the element found by ``selector``.</doc>
<status status="FAIL" start="2025-01-04T10:03:39.694482" elapsed="60.198662">TimeoutError: locator.click: Timeout 60000ms exceeded.
Call log:
  - waiting for locator('//span[contains(text(),"Delete Contact Group")]')
</status>
</kw>
<status status="FAIL" start="2025-01-04T10:02:39.338878" elapsed="120.554503">Several failures occurred:

1) TimeoutError: locator.click: Timeout 60000ms exceeded.
Call log:
  - waiting for locator('button[aria-label="Action"]')
    - locator resolved to &lt;button mat-icon-button="" aria-label="Action" aria-haspopup="true" _ngcontent-tvm-c381="" class="mat-focus-indicator mat-menu-trigger ng-tns-c381-15 mat-icon-button mat-button-base"&gt;…&lt;/button&gt;
  - attempting click action
    2 × waiting for element to be visible, enabled and stable
      - element is visible, enabled and stable
      - scrolling into view if needed
      - done scrolling
      - &lt;div class="cdk-overlay-backdrop faded cdk-overlay-backdrop-showing"&gt;&lt;/div&gt; from &lt;div class="cdk-overlay-container"&gt;…&lt;/div&gt; subtree intercepts pointer events
    - retrying click action
    - waiting 20ms
    2 × waiting for element to be visible, enabled and stable
      - element is visible, enabled and stable
    [ Message content over the limit has been removed. ]
      - done scrolling
      - &lt;div class="cdk-overlay-backdrop faded cdk-overlay-backdrop-showing"&gt;&lt;/div&gt; from &lt;div class="cdk-overlay-container"&gt;…&lt;/div&gt; subtree intercepts pointer events
    - retrying click action
      - waiting 100ms
    109 × waiting for element to be visible, enabled and stable
        - element is visible, enabled and stable
        - scrolling into view if needed
        - done scrolling
        - &lt;div class="cdk-overlay-backdrop faded cdk-overlay-backdrop-showing"&gt;&lt;/div&gt; from &lt;div class="cdk-overlay-container"&gt;…&lt;/div&gt; subtree intercepts pointer events
      - retrying click action
        - waiting 500ms


2) TimeoutError: locator.click: Timeout 60000ms exceeded.
Call log:
  - waiting for locator('//span[contains(text(),"Delete Contact Group")]')</status>
</kw>
<kw name="Close Context" owner="Browser">
<msg time="2025-01-04T10:04:39.901905" level="INFO">Switching browser to CURRENT</msg>
<msg time="2025-01-04T10:04:39.903385" level="INFO">Returned active browser id. CURRENT</msg>
<msg time="2025-01-04T10:04:39.905664" level="INFO">Switching context to CURRENT in CURRENT</msg>
<msg time="2025-01-04T10:04:39.907795" level="INFO">Returned active context id: CURRENT</msg>
<msg time="2025-01-04T10:04:39.908366" level="INFO">Switching context to context=e2bb2ebf-ffa2-49bd-91a4-b8e0d4f4e63c in CURRENT</msg>
<msg time="2025-01-04T10:04:39.913067" level="INFO">Successfully changed active context: context=e2bb2ebf-ffa2-49bd-91a4-b8e0d4f4e63c</msg>
<msg time="2025-01-04T10:04:39.944150" level="INFO">Successfully closed Context</msg>
<tag>BrowserControl</tag>
<tag>Setter</tag>
<doc>Closes a Context.</doc>
<status status="PASS" start="2025-01-04T10:04:39.893604" elapsed="0.050844"/>
</kw>
<arg>Delete Contact Group</arg>
<arg>AND</arg>
<arg>Close Context</arg>
<doc>Executes all the given keywords in a sequence.</doc>
<status status="FAIL" start="2025-01-04T10:02:39.338576" elapsed="120.606419">Several failures occurred:

1) TimeoutError: locator.click: Timeout 60000ms exceeded.
Call log:
  - waiting for locator('button[aria-label="Action"]')
    - locator resolved to &lt;button mat-icon-button="" aria-label="Action" aria-haspopup="true" _ngcontent-tvm-c381="" class="mat-focus-indicator mat-menu-trigger ng-tns-c381-15 mat-icon-button mat-button-base"&gt;…&lt;/button&gt;
  - attempting click action
    2 × waiting for element to be visible, enabled and stable
      - element is visible, enabled and stable
      - scrolling into view if needed
      - done scrolling
      - &lt;div class="cdk-overlay-backdrop faded cdk-overlay-backdrop-showing"&gt;&lt;/div&gt; from &lt;div class="cdk-overlay-container"&gt;…&lt;/div&gt; subtree intercepts pointer events
    - retrying click action
    - waiting 20ms
    2 × waiting for element to be visible, enabled and stable
      - element is visible, enabled and stable
    [ Message content over the limit has been removed. ]
      - done scrolling
      - &lt;div class="cdk-overlay-backdrop faded cdk-overlay-backdrop-showing"&gt;&lt;/div&gt; from &lt;div class="cdk-overlay-container"&gt;…&lt;/div&gt; subtree intercepts pointer events
    - retrying click action
      - waiting 100ms
    109 × waiting for element to be visible, enabled and stable
        - element is visible, enabled and stable
        - scrolling into view if needed
        - done scrolling
        - &lt;div class="cdk-overlay-backdrop faded cdk-overlay-backdrop-showing"&gt;&lt;/div&gt; from &lt;div class="cdk-overlay-container"&gt;…&lt;/div&gt; subtree intercepts pointer events
      - retrying click action
        - waiting 500ms


2) TimeoutError: locator.click: Timeout 60000ms exceeded.
Call log:
  - waiting for locator('//span[contains(text(),"Delete Contact Group")]')</status>
</kw>
<tag>ContactGroup</tag>
<tag>Negative</tag>
<tag>Test</tag>
<tag>UI</tag>
<timeout value="1 minute"/>
<status status="FAIL" start="2025-01-04T10:02:28.624784" elapsed="131.340487">Teardown failed:
Several failures occurred:

1) TimeoutError: locator.click: Timeout 60000ms exceeded.
Call log:
  - waiting for locator('button[aria-label="Action"]')
    - locator resolved to &lt;button mat-icon-button="" aria-label="Action" aria-haspopup="true" _ngcontent-tvm-c381="" class="mat-focus-indicator mat-menu-trigger ng-tns-c381-15 mat-icon-button mat-button-base"&gt;…&lt;/button&gt;
  - attempting click action
    2 × waiting for element to be visible, enabled and stable
      - element is visible, enabled and stable
      - scrolling into view if needed
      - done scrolling
      - &lt;div class="cdk-overlay-backdrop faded cdk-overlay-backdrop-showing"&gt;&lt;/div&gt; from &lt;div class="cdk-overlay-container"&gt;…&lt;/div&gt; subtree intercepts pointer events
    - retrying click action
    - waiting 20ms
    2 × waiting for element to be visible, enabled and stable
      - element is visible, enabled and stable
    [ Message content over the limit has been removed. ]
      - done scrolling
      - &lt;div class="cdk-overlay-backdrop faded cdk-overlay-backdrop-showing"&gt;&lt;/div&gt; from &lt;div class="cdk-overlay-container"&gt;…&lt;/div&gt; subtree intercepts pointer events
    - retrying click action
      - waiting 100ms
    109 × waiting for element to be visible, enabled and stable
        - element is visible, enabled and stable
        - scrolling into view if needed
        - done scrolling
        - &lt;div class="cdk-overlay-backdrop faded cdk-overlay-backdrop-showing"&gt;&lt;/div&gt; from &lt;div class="cdk-overlay-container"&gt;…&lt;/div&gt; subtree intercepts pointer events
      - retrying click action
        - waiting 500ms


2) TimeoutError: locator.click: Timeout 60000ms exceeded.
Call log:
  - waiting for locator('//span[contains(text(),"Delete Contact Group")]')</status>
</test>
<test id="s1-s2-s1-t3" name="3-Add a new contact group with a name having less than the minimum allowed characters" line="48">
<kw name="New Context" owner="Browser" type="SETUP">
<msg time="2025-01-04T10:04:39.978234" level="INFO">{
  "acceptDownloads": true,
  "bypassCSP": false,
  "forcedColors": "none",
  "ignoreHTTPSErrors": false,
  "javaScriptEnabled": true,
  "offline": false,
  "reducedMotion": "no-preference",
  "serviceWorkers": "allow",
  "viewport": {
    "height": 1080,
    "width": 1920
  }
}</msg>
<msg time="2025-01-04T10:04:39.987121" level="INFO">Successfully created context. </msg>
<msg time="2025-01-04T10:04:39.987132" level="INFO">{'acceptDownloads': True, 'bypassCSP': False, 'forcedColors': 'none', 'ignoreHTTPSErrors': False, 'javaScriptEnabled': True, 'offline': False, 'reducedMotion': 'no-preference', 'serviceWorkers': 'allow', 'viewport': {'height': 1080, 'width': 1920}}</msg>
<arg>viewport={'width': 1920, 'height': 1080}</arg>
<tag>BrowserControl</tag>
<tag>Setter</tag>
<doc>Create a new BrowserContext with specified options.</doc>
<status status="PASS" start="2025-01-04T10:04:39.976133" elapsed="0.011123"/>
</kw>
<kw name="Generate Random String" owner="String">
<msg time="2025-01-04T10:04:39.988645" level="INFO">${Contact_Group_Name} = Y</msg>
<var>${Contact_Group_Name}</var>
<arg>1</arg>
<arg>[LETTERS]</arg>
<doc>Generates a string with a desired ``length`` from the given ``chars``.</doc>
<status status="PASS" start="2025-01-04T10:04:39.987676" elapsed="0.000991"/>
</kw>
<kw name="Open SeeU-client site and fill login details" owner="Login">
<kw name="New Page" owner="Browser">
<msg time="2025-01-04T10:04:43.967258" level="INFO">Successfully initialized new page object and opened url: https://seeu-clientqa.takamulstg.com/</msg>
<arg>${Base_URL}</arg>
<tag>BrowserControl</tag>
<tag>Setter</tag>
<doc>Open a new Page.</doc>
<status status="PASS" start="2025-01-04T10:04:39.989276" elapsed="3.978226"/>
</kw>
<kw name="Fill Text" owner="Browser">
<msg time="2025-01-04T10:04:43.968770" level="INFO">Fills the text 'candidates@mailinator.com' in the given field.</msg>
<arg>css=input[type="email"]</arg>
<arg>${userName}</arg>
<tag>PageContent</tag>
<tag>Setter</tag>
<doc>Clears and fills the given ``txt`` into the text field found by ``selector``.</doc>
<status status="PASS" start="2025-01-04T10:04:43.967736" elapsed="0.165896"/>
</kw>
<kw name="Fill Text" owner="Browser">
<msg time="2025-01-04T10:04:44.134529" level="INFO">Fills the text 'Test@123' in the given field.</msg>
<arg>css=input[formcontrolname="password"]</arg>
<arg>${password}</arg>
<tag>PageContent</tag>
<tag>Setter</tag>
<doc>Clears and fills the given ``txt`` into the text field found by ``selector``.</doc>
<status status="PASS" start="2025-01-04T10:04:44.133778" elapsed="0.018673"/>
</kw>
<arg>${UserName}</arg>
<arg>${Password}</arg>
<status status="PASS" start="2025-01-04T10:04:39.988952" elapsed="4.163581"/>
</kw>
<kw name="Click on login button" owner="Login">
<kw name="Click" owner="Browser">
<msg time="2025-01-04T10:04:44.154196" level="INFO">Clicks the element 'css=button[type="submit"]'.</msg>
<arg>css=button[type="submit"]</arg>
<tag>PageContent</tag>
<tag>Setter</tag>
<doc>Simulates mouse click on the element found by ``selector``.</doc>
<status status="PASS" start="2025-01-04T10:04:44.153285" elapsed="0.402285"/>
</kw>
<status status="PASS" start="2025-01-04T10:04:44.152828" elapsed="0.402829"/>
</kw>
<kw name="Assert that the user has logged in successfully" owner="Login">
<kw name="Get Element" owner="Browser">
<msg time="2025-01-04T10:04:46.401742" level="INFO">Locator found successfully.</msg>
<arg>css=div[title="Candidates"]</arg>
<tag>Getter</tag>
<tag>PageContent</tag>
<doc>Returns a reference to a Playwright [https://playwright.dev/docs/api/class-locator|Locator].</doc>
<status status="PASS" start="2025-01-04T10:04:44.556402" elapsed="1.845550"/>
</kw>
<status status="PASS" start="2025-01-04T10:04:44.556021" elapsed="1.846052"/>
</kw>
<kw name="Add a new Contact Group" owner="ContactGroup">
<kw name="Click" owner="Browser">
<msg time="2025-01-04T10:04:46.405760" level="INFO">Clicks the element 'xpath=(//mat-icon[contains(text(),"add")])[2]'.</msg>
<arg>xpath=(//mat-icon[contains(text(),"add")])[2]</arg>
<tag>PageContent</tag>
<tag>Setter</tag>
<doc>Simulates mouse click on the element found by ``selector``.</doc>
<status status="PASS" start="2025-01-04T10:04:46.403274" elapsed="0.053762"/>
</kw>
<kw name="Click" owner="Browser">
<msg time="2025-01-04T10:04:46.458737" level="INFO">Clicks the element 'xpath=//span[contains(text(),"Create New Contact Group")]'.</msg>
<arg>xpath=//span[contains(text(),"Create New Contact Group")]</arg>
<tag>PageContent</tag>
<tag>Setter</tag>
<doc>Simulates mouse click on the element found by ``selector``.</doc>
<status status="PASS" start="2025-01-04T10:04:46.457475" elapsed="0.269639"/>
</kw>
<status status="PASS" start="2025-01-04T10:04:46.402630" elapsed="0.324565"/>
</kw>
<kw name="Open Contact Group Editor" owner="ContactGroup">
<kw name="Click" owner="Browser">
<msg time="2025-01-04T10:04:46.729085" level="INFO">Clicks the element 'css=button[aria-label="Action"]'.</msg>
<arg>css=button[aria-label="Action"]</arg>
<tag>PageContent</tag>
<tag>Setter</tag>
<doc>Simulates mouse click on the element found by ``selector``.</doc>
<status status="PASS" start="2025-01-04T10:04:46.728289" elapsed="2.833867"/>
</kw>
<kw name="Click" owner="Browser">
<msg time="2025-01-04T10:04:49.563024" level="INFO">Clicks the element 'xpath=//span[contains(text(),"Edit Contact Group")]'.</msg>
<arg>xpath=//span[contains(text(),"Edit Contact Group")]</arg>
<tag>PageContent</tag>
<tag>Setter</tag>
<doc>Simulates mouse click on the element found by ``selector``.</doc>
<status status="PASS" start="2025-01-04T10:04:49.562291" elapsed="0.277506"/>
</kw>
<status status="PASS" start="2025-01-04T10:04:46.727731" elapsed="3.112228"/>
</kw>
<kw name="Edit Contact Group name" owner="ContactGroup">
<kw name="Fill Text" owner="Browser">
<msg time="2025-01-04T10:04:49.841427" level="INFO">Fills the text 'Y' in the given field.</msg>
<arg>css=.cdk-overlay-container input[type=text]</arg>
<arg>${name}</arg>
<tag>PageContent</tag>
<tag>Setter</tag>
<doc>Clears and fills the given ``txt`` into the text field found by ``selector``.</doc>
<status status="PASS" start="2025-01-04T10:04:49.840686" elapsed="0.039801"/>
</kw>
<arg>${Contact_Group_Name}</arg>
<status status="PASS" start="2025-01-04T10:04:49.840303" elapsed="0.040344"/>
</kw>
<kw name="Make Anyone in the team view the contact group" owner="ContactGroup">
<kw name="Click" owner="Browser">
<msg time="2025-01-04T10:04:49.882448" level="INFO">Clicks the element 'css=.cdk-overlay-container mat-slide-toggle[class="mat-slide-toggle mat-accent"]'.</msg>
<arg>css=.cdk-overlay-container mat-slide-toggle[class="mat-slide-toggle mat-accent"]</arg>
<tag>PageContent</tag>
<tag>Setter</tag>
<doc>Simulates mouse click on the element found by ``selector``.</doc>
<status status="PASS" start="2025-01-04T10:04:49.881446" elapsed="0.259953"/>
</kw>
<status status="PASS" start="2025-01-04T10:04:49.880945" elapsed="0.260533"/>
</kw>
[...]
<arg>viewport={'width': 1920, 'height': 1080}</arg>
<tag>BrowserControl</tag>
<tag>Setter</tag>
<doc>Create a new BrowserContext with specified options.</doc>
<status status="PASS" start="2025-01-04T10:09:36.353531" elapsed="0.017512"/>
</kw>
<kw name="Generate Random String" owner="String">
<msg time="2025-01-04T10:09:36.372545" level="INFO">${Contact_Group_Name} = dyvas</msg>
<var>${Contact_Group_Name}</var>
<arg>5</arg>
<arg>[LETTERS]</arg>
<doc>Generates a string with a desired ``length`` from the given ``chars``.</doc>
<status status="PASS" start="2025-01-04T10:09:36.371606" elapsed="0.000989"/>
</kw>
<kw name="Generate Random String" owner="String">
<msg time="2025-01-04T10:09:36.373960" level="INFO">${Question_Type_Name} = 8713470</msg>
<var>${Question_Type_Name}</var>
<arg>7</arg>
<arg>[NUMBERS]</arg>
<doc>Generates a string with a desired ``length`` from the given ``chars``.</doc>
<status status="PASS" start="2025-01-04T10:09:36.373114" elapsed="0.000897"/>
</kw>
<kw name="Open SeeU-client site and fill login details" owner="Login">
<kw name="New Page" owner="Browser">
<msg time="2025-01-04T10:09:40.709196" level="INFO">Successfully initialized new page object and opened url: https://seeu-clientqa.takamulstg.com/</msg>
<arg>${Base_URL}</arg>
<tag>BrowserControl</tag>
<tag>Setter</tag>
<doc>Open a new Page.</doc>
<status status="PASS" start="2025-01-04T10:09:36.374838" elapsed="4.334624"/>
</kw>
<kw name="Fill Text" owner="Browser">
<msg time="2025-01-04T10:09:40.712439" level="INFO">Fills the text 'candidates@mailinator.com' in the given field.</msg>
<arg>css=input[type="email"]</arg>
<arg>${userName}</arg>
<tag>PageContent</tag>
<tag>Setter</tag>
<doc>Clears and fills the given ``txt`` into the text field found by ``selector``.</doc>
<status status="PASS" start="2025-01-04T10:09:40.709813" elapsed="0.271099"/>
</kw>
<kw name="Fill Text" owner="Browser">
<msg time="2025-01-04T10:09:40.982796" level="INFO">Fills the text 'Test@123' in the given field.</msg>
<arg>css=input[formcontrolname="password"]</arg>
<arg>${password}</arg>
<tag>PageContent</tag>
<tag>Setter</tag>
<doc>Clears and fills the given ``txt`` into the text field found by ``selector``.</doc>
<status status="PASS" start="2025-01-04T10:09:40.981076" elapsed="0.019885"/>
</kw>
<arg>${UserName}</arg>
<arg>${Password}</arg>
<status status="PASS" start="2025-01-04T10:09:36.374350" elapsed="4.626737"/>
</kw>
<kw name="Click on login button" owner="Login">
<kw name="Click" owner="Browser">
<msg time="2025-01-04T10:09:41.002895" level="INFO">Clicks the element 'css=button[type="submit"]'.</msg>
<arg>css=button[type="submit"]</arg>
<tag>PageContent</tag>
<tag>Setter</tag>
<doc>Simulates mouse click on the element found by ``selector``.</doc>
<status status="PASS" start="2025-01-04T10:09:41.002011" elapsed="0.258860"/>
</kw>
<status status="PASS" start="2025-01-04T10:09:41.001451" elapsed="0.259562"/>
</kw>
<kw name="Assert that the user has logged in successfully" owner="Login">
<kw name="Get Element" owner="Browser">
<msg time="2025-01-04T10:09:43.099244" level="INFO">Locator found successfully.</msg>
<arg>css=div[title="Candidates"]</arg>
<tag>Getter</tag>
<tag>PageContent</tag>
<doc>Returns a reference to a Playwright [https://playwright.dev/docs/api/class-locator|Locator].</doc>
<status status="PASS" start="2025-01-04T10:09:41.261623" elapsed="1.837845"/>
</kw>
<status status="PASS" start="2025-01-04T10:09:41.261253" elapsed="1.838290"/>
</kw>
<kw name="Add a new Contact Group" owner="ContactGroup">
<kw name="Click" owner="Browser">
<msg time="2025-01-04T10:09:43.100842" level="INFO">Clicks the element 'xpath=(//mat-icon[contains(text(),"add")])[2]'.</msg>
<arg>xpath=(//mat-icon[contains(text(),"add")])[2]</arg>
<tag>PageContent</tag>
<tag>Setter</tag>
<doc>Simulates mouse click on the element found by ``selector``.</doc>
<status status="PASS" start="2025-01-04T10:09:43.100215" elapsed="0.042250"/>
</kw>
<kw name="Click" owner="Browser">
<msg time="2025-01-04T10:09:43.143949" level="INFO">Clicks the element 'xpath=//span[contains(text(),"Create New Contact Group")]'.</msg>
<arg>xpath=//span[contains(text(),"Create New Contact Group")]</arg>
<tag>PageContent</tag>
<tag>Setter</tag>
<doc>Simulates mouse click on the element found by ``selector``.</doc>
<status status="PASS" start="2025-01-04T10:09:43.142717" elapsed="1.349455"/>
</kw>
<status status="PASS" start="2025-01-04T10:09:43.099891" elapsed="1.392365"/>
</kw>
<kw name="Open Contact Group Editor" owner="ContactGroup">
<kw name="Click" owner="Browser">
<msg time="2025-01-04T10:09:44.494542" level="INFO">Clicks the element 'css=button[aria-label="Action"]'.</msg>
<arg>css=button[aria-label="Action"]</arg>
<tag>PageContent</tag>
<tag>Setter</tag>
<doc>Simulates mouse click on the element found by ``selector``.</doc>
<status status="PASS" start="2025-01-04T10:09:44.493415" elapsed="2.634701"/>
</kw>
<kw name="Click" owner="Browser">
<msg time="2025-01-04T10:09:47.128951" level="INFO">Clicks the element 'xpath=//span[contains(text(),"Edit Contact Group")]'.</msg>
<arg>xpath=//span[contains(text(),"Edit Contact Group")]</arg>
<tag>PageContent</tag>
<tag>Setter</tag>
<doc>Simulates mouse click on the element found by ``selector``.</doc>
<status status="PASS" start="2025-01-04T10:09:47.128255" elapsed="0.285704"/>
</kw>
<status status="PASS" start="2025-01-04T10:09:44.492824" elapsed="2.921218"/>
</kw>
<kw name="Edit Contact Group name" owner="ContactGroup">
<kw name="Fill Text" owner="Browser">
<msg time="2025-01-04T10:09:47.415529" level="INFO">Fills the text 'test_Auto_dyvas' in the given field.</msg>
<arg>css=.cdk-overlay-container input[type=text]</arg>
<arg>${name}</arg>
<tag>PageContent</tag>
<tag>Setter</tag>
<doc>Clears and fills the given ``txt`` into the text field found by ``selector``.</doc>
<status status="PASS" start="2025-01-04T10:09:47.414777" elapsed="0.030463"/>
</kw>
<arg>test_Auto_${Contact_Group_Name}</arg>
<status status="PASS" start="2025-01-04T10:09:47.414389" elapsed="0.031341"/>
</kw>
<kw name="Click on Update button" owner="ContactGroup">
<kw name="Click" owner="Browser">
<msg time="2025-01-04T10:09:47.451451" level="INFO">Clicks the element 'css=.cdk-overlay-container button[class="mat-focus-indicator primary-button mat-flat-button mat-button-base ng-star-inserted"]'.</msg>
<arg>css=.cdk-overlay-container button[class="mat-focus-indicator primary-button mat-flat-button mat-button-base ng-star-inserted"]</arg>
<tag>PageContent</tag>
<tag>Setter</tag>
<doc>Simulates mouse click on the element found by ``selector``.</doc>
<status status="PASS" start="2025-01-04T10:09:47.450017" elapsed="0.247990"/>
</kw>
<status status="PASS" start="2025-01-04T10:09:47.447832" elapsed="0.250804"/>
</kw>
<kw name="Open public form editor" owner="PublicForm">
<kw name="Click" owner="Browser">
<msg time="2025-01-04T10:09:47.707623" level="INFO">Clicks the element 'xpath=//mat-icon[contains(text(),"ballot")]'.</msg>
<arg>xpath=//mat-icon[contains(text(),"ballot")]</arg>
<tag>PageContent</tag>
<tag>Setter</tag>
<doc>Simulates mouse click on the element found by ``selector``.</doc>
<status status="PASS" start="2025-01-04T10:09:47.701533" elapsed="0.444941"/>
</kw>
<status status="PASS" start="2025-01-04T10:09:47.700497" elapsed="0.446096"/>
</kw>
<kw name="Add a new question" owner="PublicForm">
<kw name="Click" owner="Browser">
<msg time="2025-01-04T10:09:48.148898" level="INFO">Clicks the element 'xpath=(//*[contains(concat(' ',normalize-space(@class),' '),' cdk-overlay-container ')]//textarea[@formcontrolname="headline"])[1]'.</msg>
<arg>xpath=(//*[contains(concat(' ',normalize-space(@class),' '),' cdk-overlay-container ')]//textarea[@formcontrolname="headline"])[1]</arg>
<tag>PageContent</tag>
<tag>Setter</tag>
<doc>Simulates mouse click on the element found by ``selector``.</doc>
<status status="PASS" start="2025-01-04T10:09:48.147814" elapsed="1.839177"/>
</kw>
<kw name="Click" owner="Browser">
<msg time="2025-01-04T10:09:49.987948" level="INFO">Clicks the element 'xpath=(//*[contains(concat(' ',normalize-space(@class),' '),' cdk-overlay-container ')]//mat-icon[contains(text(),"add")])[1]'.</msg>
<arg>xpath=(//*[contains(concat(' ',normalize-space(@class),' '),' cdk-overlay-container ')]//mat-icon[contains(text(),"add")])[1]</arg>
<tag>PageContent</tag>
<tag>Setter</tag>
<doc>Simulates mouse click on the element found by ``selector``.</doc>
<status status="PASS" start="2025-01-04T10:09:49.987128" elapsed="0.075046"/>
</kw>
<status status="PASS" start="2025-01-04T10:09:48.147170" elapsed="1.915174"/>
</kw>
<kw name="Select a question of a rating type" owner="PublicForm">
<kw name="Click" owner="Browser">
<msg time="2025-01-04T10:09:50.065177" level="INFO">Clicks the element 'xpath=//div[contains(@class, 'cdk-overlay-pane')]//div[@role='menu']//span[contains(text(), "Rating")]'.</msg>
<arg>xpath=//div[contains(@class, 'cdk-overlay-pane')]//div[@role='menu']//span[contains(text(), "Rating")]</arg>
<tag>PageContent</tag>
<tag>Setter</tag>
<doc>Simulates mouse click on the element found by ``selector``.</doc>
<status status="PASS" start="2025-01-04T10:09:50.064262" elapsed="0.312992"/>
</kw>
<status status="PASS" start="2025-01-04T10:09:50.063189" elapsed="0.314202"/>
</kw>
<kw name="Add a Rating question" owner="PublicForm">
<kw name="Fill Text" owner="Browser">
<msg time="2025-01-04T10:09:50.379873" level="INFO">Fills the text '' in the given field.</msg>
<arg>xpath=(//div[contains(@class, 'cdk-overlay-container')]//textarea[@placeholder='Type Question here'])[2]</arg>
<arg>${question_name}</arg>
<tag>PageContent</tag>
<tag>Setter</tag>
<doc>Clears and fills the given ``txt`` into the text field found by ``selector``.</doc>
<status status="PASS" start="2025-01-04T10:09:50.378886" elapsed="0.037544"/>
</kw>
<kw name="Click" owner="Browser">
<msg time="2025-01-04T10:09:50.418001" level="INFO">Clicks the element 'xpath=(//div[contains(@class, 'cdk-overlay-container')]//mat-select[@role='combobox'])[3]'.</msg>
<arg>xpath=(//div[contains(@class, 'cdk-overlay-container')]//mat-select[@role='combobox'])[3]</arg>
<tag>PageContent</tag>
<tag>Setter</tag>
<doc>Simulates mouse click on the element found by ``selector``.</doc>
<status status="PASS" start="2025-01-04T10:09:50.416873" elapsed="0.088009"/>
</kw>
<kw name="Click" owner="Browser">
<msg time="2025-01-04T10:09:50.505778" level="INFO">Clicks the element 'xpath=//div[contains(@class, 'cdk-overlay-pane')]//span[contains(text(), "Add custom field...")]'.</msg>
<arg>xpath=//div[contains(@class, 'cdk-overlay-pane')]//span[contains(text(), "Add custom field...")]</arg>
<tag>PageContent</tag>
<tag>Setter</tag>
<doc>Simulates mouse click on the element found by ``selector``.</doc>
<status status="PASS" start="2025-01-04T10:09:50.505036" elapsed="0.185864"/>
</kw>
<kw name="Fill Text" owner="Browser">
<msg time="2025-01-04T10:09:50.695474" level="INFO">Fills the text 'New_Test_Auto8713470' in the given field.</msg>
<arg>xpath=//div[contains(@class, 'cdk-overlay-container')]//irms-input-error[@class="custom-input"]//input[@type="text"]</arg>
<arg>${question_type_name}</arg>
<tag>PageContent</tag>
<tag>Setter</tag>
<doc>Clears and fills the given ``txt`` into the text field found by ``selector``.</doc>
<status status="PASS" start="2025-01-04T10:09:50.691463" elapsed="0.030961"/>
</kw>
<kw name="Click" owner="Browser">
<msg time="2025-01-04T10:09:50.723681" level="INFO">Clicks the element 'xpath=//div[contains(@class, 'cdk-overlay-pane')]//mat-select[@id="type"]'.</msg>
<arg>xpath=//div[contains(@class, 'cdk-overlay-pane')]//mat-select[@id="type"]</arg>
<tag>PageContent</tag>
<tag>Setter</tag>
<doc>Simulates mouse click on the element found by ``selector``.</doc>
<status status="PASS" start="2025-01-04T10:09:50.722672" elapsed="0.082481"/>
</kw>
<kw name="Click" owner="Browser">
<msg time="2025-01-04T10:09:50.806599" level="INFO">Clicks the element 'xpath=//div[contains(@class, 'cdk-overlay-pane')]//div[@role="listbox"]//span[contains(text(),'Rating')]'.</msg>
<arg>xpath=//div[contains(@class, 'cdk-overlay-pane')]//div[@role="listbox"]//span[contains(text(),'Rating')]</arg>
<tag>PageContent</tag>
<tag>Setter</tag>
<doc>Simulates mouse click on the element found by ``selector``.</doc>
<status status="PASS" start="2025-01-04T10:09:50.805358" elapsed="0.282759"/>
</kw>
<kw name="Click" owner="Browser">
<msg time="2025-01-04T10:09:51.089361" level="INFO">Clicks the element 'xpath=//div[contains(@class, 'cdk-overlay-pane')]//button//span[contains(text(),'Add')]'.</msg>
<arg>xpath=//div[contains(@class, 'cdk-overlay-pane')]//button//span[contains(text(),'Add')]</arg>
<tag>PageContent</tag>
<tag>Setter</tag>
<doc>Simulates mouse click on the element found by ``selector``.</doc>
<status status="PASS" start="2025-01-04T10:09:51.088242" elapsed="0.065374"/>
</kw>
<arg>${EMPTY}</arg>
<arg>New_Test_Auto${Question_Type_Name}</arg>
<status status="PASS" start="2025-01-04T10:09:50.377988" elapsed="0.775754"/>
</kw>
<kw name="Check that error message has appeared" owner="ContactGroup">
<kw name="Get Element" owner="Browser">
<msg time="2025-01-04T10:09:51.167942" level="INFO">Locator found successfully.</msg>
<arg>xpath=(//*[contains(concat(' ', normalize-space(@class), ' '), ' mat-error ')])[1]</arg>
<tag>Getter</tag>
<tag>PageContent</tag>
<doc>Returns a reference to a Playwright [https://playwright.dev/docs/api/class-locator|Locator].</doc>
<status status="PASS" start="2025-01-04T10:09:51.154699" elapsed="0.013449"/>
</kw>
<status status="PASS" start="2025-01-04T10:09:51.154197" elapsed="0.014034"/>
</kw>
<kw name="Check that the button is disabled" owner="ContactGroup">
<kw name="Get Element" owner="Browser">
<msg time="2025-01-04T10:09:51.179910" level="INFO">Locator found successfully.</msg>
<arg>css=.cdk-overlay-container button[disabled="true"]</arg>
<tag>Getter</tag>
<tag>PageContent</tag>
<doc>Returns a reference to a Playwright [https://playwright.dev/docs/api/class-locator|Locator].</doc>
<status status="PASS" start="2025-01-04T10:09:51.169089" elapsed="0.011068"/>
</kw>
<status status="PASS" start="2025-01-04T10:09:51.168615" elapsed="0.011658"/>
</kw>
<kw name="Close Context" owner="Browser" type="TEARDOWN">
<msg time="2025-01-04T10:09:51.184215" level="INFO">Switching browser to CURRENT</msg>
<msg time="2025-01-04T10:09:51.185545" level="INFO">Returned active browser id. CURRENT</msg>
<msg time="2025-01-04T10:09:51.187398" level="INFO">Switching context to CURRENT in CURRENT</msg>
<msg time="2025-01-04T10:09:51.188766" level="INFO">Returned active context id: CURRENT</msg>
<msg time="2025-01-04T10:09:51.189268" level="INFO">Switching context to context=a673c9b4-f4f3-4193-a4d9-975c568fb1f7 in CURRENT</msg>
<msg time="2025-01-04T10:09:51.195503" level="INFO">Successfully changed active context: context=a673c9b4-f4f3-4193-a4d9-975c568fb1f7</msg>
<msg time="2025-01-04T10:09:51.217192" level="INFO">Successfully closed Context</msg>
<tag>BrowserControl</tag>
<tag>Setter</tag>
<doc>Closes a Context.</doc>
<status status="PASS" start="2025-01-04T10:09:51.180779" elapsed="0.036629"/>
</kw>
<tag>Negative</tag>
<tag>PublicForm</tag>
<tag>Test</tag>
<tag>UI</tag>
<timeout value="1 minute"/>
<status status="PASS" start="2025-01-04T10:09:36.349573" elapsed="14.868291"/>
</test>
<kw name="Close Browser" owner="Browser" type="TEARDOWN">
<msg time="2025-01-04T10:09:51.479515" level="INFO">Closed browser</msg>
<tag>BrowserControl</tag>
<tag>Setter</tag>
<doc>Closes the current browser.</doc>
<status status="PASS" start="2025-01-04T10:09:51.225163" elapsed="0.254626"/>
</kw>
<status status="PASS" start="2025-01-04T10:08:26.456051" elapsed="85.023864"/>
</suite>
<status status="FAIL" start="2025-01-04T10:02:15.751372" elapsed="455.760314"/>
</suite>
<status status="FAIL" start="2025-01-04T10:02:11.835295" elapsed="459.677410"/>
</suite>
<statistics>
<total>
<stat pass="21" fail="2" skip="0">All Tests</stat>
</total>
<tag>
<stat pass="4" fail="0" skip="0">API</stat>
<stat pass="3" fail="1" skip="0">ContactGroup</stat>
<stat pass="9" fail="1" skip="0">Contacts</stat>
<stat pass="2" fail="0" skip="0">ContactServices</stat>
<stat pass="8" fail="0" skip="0">Happy</stat>
<stat pass="2" fail="0" skip="0">LoginService</stat>
<stat pass="13" fail="2" skip="0">Negative</stat>
<stat pass="5" fail="0" skip="0">PublicForm</stat>
<stat pass="21" fail="2" skip="0">Test</stat>
<stat pass="17" fail="2" skip="0">UI</stat>
</tag>
<suite>
<stat pass="21" fail="2" skip="0" id="s1" name="Tests">Tests</stat>
<stat pass="4" fail="0" skip="0" id="s1-s1" name="API-Tests">Tests.API-Tests</stat>
<stat pass="2" fail="0" skip="0" id="s1-s1-s1" name="Contact Services TCs">Tests.API-Tests.Contact Services TCs</stat>
<stat pass="2" fail="0" skip="0" id="s1-s1-s2" name="Login Service TCs">Tests.API-Tests.Login Service TCs</stat>
<stat pass="17" fail="2" skip="0" id="s1-s2" name="UI-Tests">Tests.UI-Tests</stat>
<stat pass="3" fail="1" skip="0" id="s1-s2-s1" name="ContactGroup TCs">Tests.UI-Tests.ContactGroup TCs</stat>
<stat pass="9" fail="1" skip="0" id="s1-s2-s2" name="Contacts TCs">Tests.UI-Tests.Contacts TCs</stat>
<stat pass="5" fail="0" skip="0" id="s1-s2-s3" name="PublicForm TCs">Tests.UI-Tests.PublicForm TCs</stat>
</suite>
</statistics>
<errors>
<msg time="2025-01-04T10:02:11.823620" level="WARN">Error in file 'C:\Users\MAAB1\OneDrive - Mondia Media Germany GmbH\Desktop\TakamolAssessment\Tests\API-Tests\Contact_Services_TCs.robot' on line 15: The '[Return]' setting is deprecated. Use the 'RETURN' statement instead.</msg>
<msg time="2025-01-04T10:02:12.286225" level="WARN">Error in file 'C:\Users\MAAB1\OneDrive - Mondia Media Germany GmbH\Desktop\TakamolAssessment\Resources\API\LoginService.robot' on line 20: The '[Return]' setting is deprecated. Use the 'RETURN' statement instead.</msg>
<msg time="2025-01-04T10:02:12.286783" level="WARN">Error in file 'C:\Users\MAAB1\OneDrive - Mondia Media Germany GmbH\Desktop\TakamolAssessment\Resources\API\LoginService.robot' on line 30: The '[Return]' setting is deprecated. Use the 'RETURN' statement instead.</msg>
<msg time="2025-01-04T10:02:12.289192" level="WARN">Error in file 'C:\Users\MAAB1\OneDrive - Mondia Media Germany GmbH\Desktop\TakamolAssessment\Resources\API\ContactsServices.robot' on line 21: The '[Return]' setting is deprecated. Use the 'RETURN' statement instead.</msg>
<msg time="2025-01-04T10:02:12.289686" level="WARN">Error in file 'C:\Users\MAAB1\OneDrive - Mondia Media Germany GmbH\Desktop\TakamolAssessment\Resources\API\ContactsServices.robot' on line 27: The '[Return]' setting is deprecated. Use the 'RETURN' statement instead.</msg>
<msg time="2025-01-04T10:02:12.290084" level="WARN">Error in file 'C:\Users\MAAB1\OneDrive - Mondia Media Germany GmbH\Desktop\TakamolAssessment\Resources\API\ContactsServices.robot' on line 36: The '[Return]' setting is deprecated. Use the 'RETURN' statement instead.</msg>
<msg time="2025-01-04T10:02:12.295971" level="WARN">Keyword 'RequestsLibrary.Post Request' is deprecated. Please use `POST On Session` instead.</msg>
<msg time="2025-01-04T10:02:12.773524" level="WARN">Keyword 'RequestsLibrary.Post Request' is deprecated. Please use `POST On Session` instead.</msg>
<msg time="2025-01-04T10:02:13.221715" level="WARN">Keyword 'RequestsLibrary.Post Request' is deprecated. Please use `POST On Session` instead.</msg>
<msg time="2025-01-04T10:02:14.284239" level="WARN">Keyword 'RequestsLibrary.Post Request' is deprecated. Please use `POST On Session` instead.</msg>
<msg time="2025-01-04T10:02:14.738795" level="WARN">Keyword 'RequestsLibrary.Post Request' is deprecated. Please use `POST On Session` instead.</msg>
<msg time="2025-01-04T10:02:15.208799" level="WARN">Keyword 'RequestsLibrary.Post Request' is deprecated. Please use `POST On Session` instead.</msg>
</errors>
</robot>
